Copyright 1986-2016 Xilinx, Inc. All Rights Reserved.
-------------------------------------------------------------------------------------------------------------
| Tool Version : Vivado v.2016.3 (win64) Build 1682563 Mon Oct 10 19:07:27 MDT 2016
| Date         : Thu Feb 16 04:43:58 2017
| Host         : mustafar running 64-bit major release  (build 9200)
| Command      : report_utilization -file clk_wiz_0_utilization_synth.rpt -pb clk_wiz_0_utilization_synth.pb
| Design       : clk_wiz_0
| Device       : xcvu095ffva2104-2
| Design State : Fully Placed
-------------------------------------------------------------------------------------------------------------

Utilization Design Information

Table of Contents
-----------------
1. CLB Logic
1.1 Summary of Registers by Type
2. CLB Logic Distribution
3. BLOCKRAM
4. ARITHMETIC
5. I/O
6. CLOCK
7. ADVANCED
8. CONFIGURATION
9. Primitives
10. Black Boxes
11. Instantiated Netlists

1. CLB Logic
------------

+-------------------------+------+-------+-----------+-------+
|        Site Type        | Used | Fixed | Available | Util% |
+-------------------------+------+-------+-----------+-------+
| CLB LUTs                |    0 |     0 |    537600 |  0.00 |
|   LUT as Logic          |    0 |     0 |    537600 |  0.00 |
|   LUT as Memory         |    0 |     0 |     76800 |  0.00 |
| CLB Registers           |    0 |     0 |   1075200 |  0.00 |
|   Register as Flip Flop |    0 |     0 |   1075200 |  0.00 |
|   Register as Latch     |    0 |     0 |   1075200 |  0.00 |
| CARRY8                  |    0 |     0 |     67200 |  0.00 |
| F7 Muxes                |    0 |     0 |    268800 |  0.00 |
| F8 Muxes                |    0 |     0 |    134400 |  0.00 |
| F9 Muxes                |    0 |     0 |     67200 |  0.00 |
+-------------------------+------+-------+-----------+-------+


1.1 Summary of Registers by Type
--------------------------------

+-------+--------------+-------------+--------------+
| Total | Clock Enable | Synchronous | Asynchronous |
+-------+--------------+-------------+--------------+
| 0     |            _ |           - |            - |
| 0     |            _ |           - |          Set |
| 0     |            _ |           - |        Reset |
| 0     |            _ |         Set |            - |
| 0     |            _ |       Reset |            - |
| 0     |          Yes |           - |            - |
| 0     |          Yes |           - |          Set |
| 0     |          Yes |           - |        Reset |
| 0     |          Yes |         Set |            - |
| 0     |          Yes |       Reset |            - |
+-------+--------------+-------------+--------------+


2. CLB Logic Distribution
-------------------------

+--------------------------+------+-------+-----------+-------+
|         Site Type        | Used | Fixed | Available | Util% |
+--------------------------+------+-------+-----------+-------+
| CLB                      |    0 |     0 |     67200 |  0.00 |
|   CLBL                   |    0 |     0 |           |       |
|   CLBM                   |    0 |     0 |           |       |
| LUT as Logic             |    0 |     0 |    537600 |  0.00 |
| LUT as Memory            |    0 |     0 |     76800 |  0.00 |
|   LUT as Distributed RAM |    0 |     0 |           |       |
|   LUT as Shift Register  |    0 |     0 |           |       |
| LUT Flip Flop Pairs      |    0 |     0 |    537600 |  0.00 |
| Unique Control Sets      |    0 |       |           |       |
+--------------------------+------+-------+-----------+-------+
* Note: Review the Control Sets Report for more information regarding control sets.


3. BLOCKRAM
-----------

+----------------+------+-------+-----------+-------+
|    Site Type   | Used | Fixed | Available | Util% |
+----------------+------+-------+-----------+-------+
| Block RAM Tile |    0 |     0 |      1728 |  0.00 |
|   RAMB36/FIFO* |    0 |     0 |      1728 |  0.00 |
|   RAMB18       |    0 |     0 |      3456 |  0.00 |
+----------------+------+-------+-----------+-------+
* Note: Each Block RAM Tile only has one FIFO logic available and therefore can accommodate only one FIFO36E2 or one FIFO18E2. However, if a FIFO18E2 occupies a Block RAM Tile, that tile can still accommodate a RAMB18E2


4. ARITHMETIC
-------------

+-----------+------+-------+-----------+-------+
| Site Type | Used | Fixed | Available | Util% |
+-----------+------+-------+-----------+-------+
| DSPs      |    0 |     0 |       768 |  0.00 |
+-----------+------+-------+-----------+-------+


5. I/O
------

+------------------+------+-------+-----------+-------+
|     Site Type    | Used | Fixed | Available | Util% |
+------------------+------+-------+-----------+-------+
| Bonded IOB       |    2 |     2 |       832 |  0.24 |
| HPIOB            |    2 |     2 |       780 |  0.26 |
|   INPUT          |    2 |       |           |       |
|   OUTPUT         |    0 |       |           |       |
|   BIDIR          |    0 |       |           |       |
| HRIO             |    0 |     0 |        52 |  0.00 |
| HPIOBDIFFINBUF   |    1 |     1 |       360 |  0.28 |
|   DIFFINBUF      |    1 |     1 |           |       |
| HPIOBDIFFOUTBUF  |    0 |     0 |       360 |  0.00 |
| HRIODIFFINBUF    |    0 |     0 |        24 |  0.00 |
| HRIODIFFOUTBUF   |    0 |     0 |        24 |  0.00 |
| BITSLICE_CONTROL |    0 |     0 |       128 |  0.00 |
| BITSLICE_RX_TX   |    0 |     0 |       832 |  0.00 |
| BITSLICE_TX      |    0 |     0 |       128 |  0.00 |
| RIU_OR           |    0 |     0 |        64 |  0.00 |
+------------------+------+-------+-----------+-------+


6. CLOCK
--------

+----------------------+------+-------+-----------+-------+
|       Site Type      | Used | Fixed | Available | Util% |
+----------------------+------+-------+-----------+-------+
| GLOBAL CLOCK BUFFERs |    2 |     0 |       960 |  0.21 |
|   BUFGCE             |    2 |     0 |       384 |  0.52 |
|   BUFGCE_DIV         |    0 |     0 |        64 |  0.00 |
|   BUFG_GT            |    0 |     0 |       384 |  0.00 |
|   BUFGCTRL*          |    0 |     0 |       128 |  0.00 |
| PLLE3_ADV            |    0 |     0 |        32 |  0.00 |
| MMCME3_ADV           |    1 |     0 |        16 |  6.25 |
+----------------------+------+-------+-----------+-------+
* Note: Each used BUFGCTRL counts as two global buffer resources. This table does not include global clocking resources, only buffer cell usage. See the Clock Utilization Report (report_clock_utilization) for detailed accounting of global clocking resource availability.


7. ADVANCED
-----------

+-----------------+------+-------+-----------+-------+
|    Site Type    | Used | Fixed | Available | Util% |
+-----------------+------+-------+-----------+-------+
| CMAC            |    0 |     0 |         4 |  0.00 |
| GTHE3_CHANNEL   |    0 |     0 |        28 |  0.00 |
| GTHE3_COMMON    |    0 |     0 |         7 |  0.00 |
| GTYE3_CHANNEL   |    0 |     0 |        24 |  0.00 |
| GTYE3_COMMON    |    0 |     0 |         6 |  0.00 |
| IBUFDS_GTE3     |    0 |     0 |        26 |  0.00 |
| ILKN            |    0 |     0 |         6 |  0.00 |
| OBUFDS_GTE3     |    0 |     0 |        26 |  0.00 |
| OBUFDS_GTE3_ADV |    0 |     0 |        26 |  0.00 |
| PCIE_3_1        |    0 |     0 |         4 |  0.00 |
| SYSMONE1        |    0 |     0 |         1 |  0.00 |
+-----------------+------+-------+-----------+-------+


8. CONFIGURATION
----------------

+-------------+------+-------+-----------+-------+
|  Site Type  | Used | Fixed | Available | Util% |
+-------------+------+-------+-----------+-------+
| BSCANE2     |    0 |     0 |         4 |  0.00 |
| DNA_PORTE2  |    0 |     0 |         1 |  0.00 |
| EFUSE_USR   |    0 |     0 |         1 |  0.00 |
| FRAME_ECCE3 |    0 |     0 |         1 |  0.00 |
| ICAPE3      |    0 |     0 |         2 |  0.00 |
| STARTUPE3   |    0 |     0 |         1 |  0.00 |
+-------------+------+-------+-----------+-------+


9. Primitives
-------------

+------------+------+---------------------+
|  Ref Name  | Used | Functional Category |
+------------+------+---------------------+
| BUFGCE     |    2 |               Clock |
| MMCME3_ADV |    1 |               Clock |
| IBUFCTRL   |    1 |              Others |
| DIFFINBUF  |    1 |                 I/O |
+------------+------+---------------------+


10. Black Boxes
---------------

+----------+------+
| Ref Name | Used |
+----------+------+


11. Instantiated Netlists
-------------------------

+----------+------+
| Ref Name | Used |
+----------+------+


