
*** Running vivado
    with args -log blk_mem_I1.vds -m64 -product Vivado -mode batch -messageDb vivado.pb -notrace -source blk_mem_I1.tcl


****** Vivado v2016.3 (64-bit)
  **** SW Build 1682563 on Mon Oct 10 19:07:27 MDT 2016
  **** IP Build 1681267 on Mon Oct 10 21:28:31 MDT 2016
    ** Copyright 1986-2016 Xilinx, Inc. All Rights Reserved.

source blk_mem_I1.tcl -notrace
Starting RTL Elaboration : Time (s): cpu = 00:00:12 ; elapsed = 00:00:14 . Memory (MB): peak = 410.180 ; gain = 200.109
INFO: [Synth 8-638] synthesizing module 'blk_mem_I1' [d:/gps/GPS_Ver/Acq_Track_AC701/Acq_Track_AC701.srcs/sources_1/ip/blk_mem_I1/synth/blk_mem_I1.vhd:69]
INFO: [Synth 8-256] done synthesizing module 'blk_mem_I1' (11#1) [d:/gps/GPS_Ver/Acq_Track_AC701/Acq_Track_AC701.srcs/sources_1/ip/blk_mem_I1/synth/blk_mem_I1.vhd:69]
Finished RTL Elaboration : Time (s): cpu = 00:01:18 ; elapsed = 00:01:21 . Memory (MB): peak = 609.434 ; gain = 399.363
Finished RTL Optimization Phase 1 : Time (s): cpu = 00:01:18 ; elapsed = 00:01:22 . Memory (MB): peak = 609.434 ; gain = 399.363
INFO: [Device 21-403] Loading part xcvu095-ffva2104-2-e
Constraint Validation Runtime : Time (s): cpu = 00:00:00 ; elapsed = 00:00:00.031 . Memory (MB): peak = 1043.625 ; gain = 0.023
Finished Constraint Validation : Time (s): cpu = 00:01:33 ; elapsed = 00:01:37 . Memory (MB): peak = 1043.625 ; gain = 833.555
Finished Loading Part and Timing Information : Time (s): cpu = 00:01:33 ; elapsed = 00:01:37 . Memory (MB): peak = 1043.625 ; gain = 833.555
Finished applying 'set_property' XDC Constraints : Time (s): cpu = 00:01:33 ; elapsed = 00:01:37 . Memory (MB): peak = 1043.625 ; gain = 833.555
Finished RTL Optimization Phase 2 : Time (s): cpu = 00:01:33 ; elapsed = 00:01:38 . Memory (MB): peak = 1043.625 ; gain = 833.555
Finished Cross Boundary and Area Optimization : Time (s): cpu = 00:01:34 ; elapsed = 00:01:38 . Memory (MB): peak = 1043.625 ; gain = 833.555
Finished Applying XDC Timing Constraints : Time (s): cpu = 00:01:49 ; elapsed = 00:01:53 . Memory (MB): peak = 1246.781 ; gain = 1036.711
Finished Timing Optimization : Time (s): cpu = 00:01:49 ; elapsed = 00:01:54 . Memory (MB): peak = 1248.824 ; gain = 1038.754
Finished Technology Mapping : Time (s): cpu = 00:01:49 ; elapsed = 00:01:54 . Memory (MB): peak = 1259.543 ; gain = 1049.473
Finished IO Insertion : Time (s): cpu = 00:01:49 ; elapsed = 00:01:54 . Memory (MB): peak = 1259.543 ; gain = 1049.473
Finished Renaming Generated Instances : Time (s): cpu = 00:01:49 ; elapsed = 00:01:54 . Memory (MB): peak = 1259.543 ; gain = 1049.473
Finished Rebuilding User Hierarchy : Time (s): cpu = 00:01:49 ; elapsed = 00:01:54 . Memory (MB): peak = 1259.543 ; gain = 1049.473
Finished Renaming Generated Ports : Time (s): cpu = 00:01:49 ; elapsed = 00:01:54 . Memory (MB): peak = 1259.543 ; gain = 1049.473
Finished Handling Custom Attributes : Time (s): cpu = 00:01:49 ; elapsed = 00:01:54 . Memory (MB): peak = 1259.543 ; gain = 1049.473
Finished Renaming Generated Nets : Time (s): cpu = 00:01:49 ; elapsed = 00:01:54 . Memory (MB): peak = 1259.543 ; gain = 1049.473

Report Cell Usage: 
+------+------------+------+
|      |Cell        |Count |
+------+------------+------+
|1     |LUT1        |     1|
|2     |LUT2        |     1|
|3     |LUT3        |     1|
|4     |LUT4        |    11|
|5     |LUT5        |    20|
|6     |LUT6        |    18|
|7     |RAMB18E2    |     1|
|8     |RAMB18E2_1  |     1|
|9     |RAMB36E2    |     1|
|10    |RAMB36E2_1  |     1|
|11    |RAMB36E2_10 |     1|
|12    |RAMB36E2_11 |     1|
|13    |RAMB36E2_12 |     1|
|14    |RAMB36E2_2  |     1|
|15    |RAMB36E2_3  |     1|
|16    |RAMB36E2_4  |     1|
|17    |RAMB36E2_5  |     1|
|18    |RAMB36E2_6  |     1|
|19    |RAMB36E2_7  |     1|
|20    |RAMB36E2_8  |     1|
|21    |RAMB36E2_9  |     1|
|22    |FDRE        |     4|
+------+------------+------+
Finished Writing Synthesis Report : Time (s): cpu = 00:01:49 ; elapsed = 00:01:54 . Memory (MB): peak = 1259.543 ; gain = 1049.473
synth_design: Time (s): cpu = 00:01:46 ; elapsed = 00:01:49 . Memory (MB): peak = 1321.879 ; gain = 991.242
