xilinx rtfpga
INFO: [Synth 8-3333] propagating constant 0 across sequential element (i_38/\angle_reg[0][0] )
INFO: [Synth 8-3333] propagating constant 0 across sequential element (read_pointer0_inferred/\read_pointer_reg[0] )
INFO: [Synth 8-3886] merging instance 'phase_per_sample_reg[24]' (FDE) to 'phase_per_sample_reg[31]'
INFO: [Synth 8-3886] merging instance 'phase_per_sample_reg[25]' (FDE) to 'phase_per_sample_reg[31]'
INFO: [Synth 8-3886] merging instance 'phase_per_sample_reg[26]' (FDE) to 'phase_per_sample_reg[31]'
INFO: [Synth 8-3886] merging instance 'phase_per_sample_reg[27]' (FDE) to 'phase_per_sample_reg[31]'
INFO: [Synth 8-3886] merging instance 'phase_per_sample_reg[28]' (FDE) to 'phase_per_sample_reg[31]'
INFO: [Synth 8-3886] merging instance 'phase_per_sample_reg[29]' (FDE) to 'phase_per_sample_reg[31]'
INFO: [Synth 8-3886] merging instance 'phase_per_sample_reg[30]' (FDE) to 'phase_per_sample_reg[31]'
INFO: [Synth 8-3333] propagating constant 0 across sequential element (\phase_reg[0][0] )
INFO: [Synth 8-3886] merging instance 'CORDIC_ROTOR[3].ROTOR/x_reg[0][0]' (FD) to 'CORDIC_ROTOR[3].ROTOR/y_reg[0][3]'
INFO: [Synth 8-3886] merging instance 'CORDIC_ROTOR[3].ROTOR/y_reg[0][0]' (FD) to 'CORDIC_ROTOR[3].ROTOR/y_reg[0][3]'
INFO: [Synth 8-3886] merging instance 'CORDIC_ROTOR[3].ROTOR/x_reg[0][1]' (FD) to 'CORDIC_ROTOR[3].ROTOR/y_reg[0][3]'
INFO: [Synth 8-3886] merging instance 'CORDIC_ROTOR[3].ROTOR/y_reg[0][1]' (FD) to 'CORDIC_ROTOR[3].ROTOR/y_reg[0][3]'
INFO: [Synth 8-3886] merging instance 'CORDIC_ROTOR[3].ROTOR/x_reg[0][2]' (FD) to 'CORDIC_ROTOR[3].ROTOR/y_reg[0][3]'
INFO: [Synth 8-3886] merging instance 'CORDIC_ROTOR[3].ROTOR/y_reg[0][2]' (FD) to 'CORDIC_ROTOR[3].ROTOR/y_reg[0][3]'
INFO: [Synth 8-3886] merging instance 'CORDIC_ROTOR[3].ROTOR/x_reg[0][3]' (FD) to 'CORDIC_ROTOR[3].ROTOR/y_reg[0][3]'
INFO: [Synth 8-3333] propagating constant 0 across sequential element (\CORDIC_ROTOR[3].ROTOR /\y_reg[0][3] )
INFO: [Synth 8-3886] merging instance 'CORDIC_ROTOR[3].ROTOR/x_reg[0][16]' (FD) to 'CORDIC_ROTOR[3].ROTOR/x_reg[0][17]'
INFO: [Synth 8-3886] merging instance 'CORDIC_ROTOR[3].ROTOR/y_reg[0][16]' (FD) to 'CORDIC_ROTOR[3].ROTOR/y_reg[0][17]'
INFO: [Synth 8-3886] merging instance 'CORDIC_ROTOR[3].ROTOR/x_reg[0][17]' (FD) to 'CORDIC_ROTOR[3].ROTOR/x_reg[0][18]'
INFO: [Synth 8-3886] merging instance 'CORDIC_ROTOR[3].ROTOR/y_reg[0][17]' (FD) to 'CORDIC_ROTOR[3].ROTOR/y_reg[0][18]'
INFO: [Synth 8-3886] merging instance 'CORDIC_ROTOR[3].ROTOR/x_reg[0][18]' (FD) to 'CORDIC_ROTOR[3].ROTOR/x_reg[0][19]'
INFO: [Synth 8-3886] merging instance 'CORDIC_ROTOR[3].ROTOR/y_reg[0][18]' (FD) to 'CORDIC_ROTOR[3].ROTOR/y_reg[0][19]'
INFO: [Synth 8-3886] merging instance 'CORDIC_ROTOR[3].ROTOR/xyz[0].y_reg[1][1]' (FD) to 'CORDIC_ROTOR[3].ROTOR/xyz[0].y_reg[1][2]'
INFO: [Synth 8-3886] merging instance 'CORDIC_ROTOR[3].ROTOR/xyz[0].x_reg[1][1]' (FD) to 'CORDIC_ROTOR[3].ROTOR/xyz[0].x_reg[1][2]'
INFO: [Synth 8-3886] merging instance 'CORDIC_ROTOR[3].ROTOR/xyz[0].y_reg[1][2]' (FD) to 'CORDIC_ROTOR[3].ROTOR/xyz[0].y_reg[1][3]'
INFO: [Synth 8-3886] merging instance 'CORDIC_ROTOR[3].ROTOR/xyz[0].x_reg[1][2]' (FD) to 'CORDIC_ROTOR[3].ROTOR/xyz[0].x_reg[1][3]'
WARNING: [Synth 8-3332] Sequential element (y_reg[0][18]) is unused and will be removed from module CORDIC__3.
WARNING: [Synth 8-3332] Sequential element (y_reg[0][17]) is unused and will be removed from module CORDIC__3.
WARNING: [Synth 8-3332] Sequential element (y_reg[0][16]) is unused and will be removed from module CORDIC__3.
WARNING: [Synth 8-3332] Sequential element (x_reg[0][18]) is unused and will be removed from module CORDIC__3.
WARNING: [Synth 8-3332] Sequential element (x_reg[0][17]) is unused and will be removed from module CORDIC__3.
WARNING: [Synth 8-3332] Sequential element (x_reg[0][16]) is unused and will be removed from module CORDIC__3.
WARNING: [Synth 8-3332] Sequential element (xyz[0].x_reg[1][2]) is unused and will be removed from module CORDIC__3.
WARNING: [Synth 8-3332] Sequential element (xyz[0].x_reg[1][1]) is unused and will be removed from module CORDIC__3.
WARNING: [Synth 8-3332] Sequential element (xyz[0].y_reg[1][2]) is unused and will be removed from module CORDIC__3.
WARNING: [Synth 8-3332] Sequential element (xyz[0].y_reg[1][1]) is unused and will be removed from module CORDIC__3.
WARNING: [Synth 8-3332] Sequential element (xyz[9].z_reg[10][30]) is unused and will be removed from module CORDIC__3.
WARNING: [Synth 8-3332] Sequential element (xyz[9].z_reg[10][29]) is unused and will be removed from module CORDIC__3.
WARNING: [Synth 8-3332] Sequential element (xyz[9].z_reg[10][28]) is unused and will be removed from module CORDIC__3.
WARNING: [Synth 8-3332] Sequential element (xyz[9].z_reg[10][27]) is unused and will be removed from module CORDIC__3.
WARNING: [Synth 8-3332] Sequential element (xyz[9].z_reg[10][26]) is unused and will be removed from module CORDIC__3.
WARNING: [Synth 8-3332] Sequential element (xyz[9].z_reg[10][25]) is unused and will be removed from module CORDIC__3.
WARNING: [Synth 8-3332] Sequential element (xyz[9].z_reg[10][24]) is unused and will be removed from module CORDIC__3.
WARNING: [Synth 8-3332] Sequential element (xyz[9].z_reg[10][23]) is unused and will be removed from module CORDIC__3.
WARNING: [Synth 8-3332] Sequential element (xyz[9].z_reg[10][22]) is unused and will be removed from module CORDIC__3.
WARNING: [Synth 8-3332] Sequential element (xyz[9].z_reg[10][21]) is unused and will be removed from module CORDIC__3.
WARNING: [Synth 8-3332] Sequential element (xyz[9].z_reg[10][20]) is unused and will be removed from module CORDIC__3.
WARNING: [Synth 8-3332] Sequential element (xyz[9].z_reg[10][19]) is unused and will be removed from module CORDIC__3.
WARNING: [Synth 8-3332] Sequential element (xyz[9].z_reg[10][18]) is unused and will be removed from module CORDIC__3.
WARNING: [Synth 8-3332] Sequential element (xyz[9].z_reg[10][17]) is unused and will be removed from module CORDIC__3.
WARNING: [Synth 8-3332] Sequential element (xyz[9].z_reg[10][16]) is unused and will be removed from module CORDIC__3.
WARNING: [Synth 8-3332] Sequential element (xyz[9].z_reg[10][15]) is unused and will be removed from module CORDIC__3.
WARNING: [Synth 8-3332] Sequential element (xyz[9].z_reg[10][14]) is unused and will be removed from module CORDIC__3.
WARNING: [Synth 8-3332] Sequential element (xyz[9].z_reg[10][13]) is unused and will be removed from module CORDIC__3.
WARNING: [Synth 8-3332] Sequential element (xyz[9].z_reg[10][12]) is unused and will be removed from module CORDIC__3.
WARNING: [Synth 8-3332] Sequential element (xyz[9].z_reg[10][11]) is unused and will be removed from module CORDIC__3.
WARNING: [Synth 8-3332] Sequential element (xyz[9].z_reg[10][10]) is unused and will be removed from module CORDIC__3.
WARNING: [Synth 8-3332] Sequential element (xyz[9].z_reg[10][9]) is unused and will be removed from module CORDIC__3.
WARNING: [Synth 8-3332] Sequential element (xyz[9].z_reg[10][8]) is unused and will be removed from module CORDIC__3.
WARNING: [Synth 8-3332] Sequential element (xyz[9].z_reg[10][7]) is unused and will be removed from module CORDIC__3.
WARNING: [Synth 8-3332] Sequential element (xyz[9].z_reg[10][6]) is unused and will be removed from module CORDIC__3.
WARNING: [Synth 8-3332] Sequential element (xyz[9].z_reg[10][5]) is unused and will be removed from module CORDIC__3.
WARNING: [Synth 8-3332] Sequential element (xyz[9].z_reg[10][4]) is unused and will be removed from module CORDIC__3.
WARNING: [Synth 8-3332] Sequential element (xyz[9].z_reg[10][3]) is unused and will be removed from module CORDIC__3.
WARNING: [Synth 8-3332] Sequential element (xyz[9].z_reg[10][2]) is unused and will be removed from module CORDIC__3.
WARNING: [Synth 8-3332] Sequential element (xyz[9].z_reg[10][1]) is unused and will be removed from module CORDIC__3.
WARNING: [Synth 8-3332] Sequential element (xyz[9].z_reg[10][0]) is unused and will be removed from module CORDIC__3.
WARNING: [Synth 8-3332] Sequential element (xyz[10].x_reg[11][3]) is unused and will be removed from module CORDIC__3.
WARNING: [Synth 8-3332] Sequential element (xyz[10].x_reg[11][2]) is unused and will be removed from module CORDIC__3.
WARNING: [Synth 8-3332] Sequential element (xyz[10].x_reg[11][1]) is unused and will be removed from module CORDIC__3.
WARNING: [Synth 8-3332] Sequential element (xyz[10].x_reg[11][0]) is unused and will be removed from module CORDIC__3.
WARNING: [Synth 8-3332] Sequential element (xyz[10].y_reg[11][3]) is unused and will be removed from module CORDIC__3.
WARNING: [Synth 8-3332] Sequential element (xyz[10].y_reg[11][2]) is unused and will be removed from module CORDIC__3.
WARNING: [Synth 8-3332] Sequential element (xyz[10].y_reg[11][1]) is unused and will be removed from module CORDIC__3.
WARNING: [Synth 8-3332] Sequential element (xyz[10].y_reg[11][0]) is unused and will be removed from module CORDIC__3.
WARNING: [Synth 8-3332] Sequential element (y_reg[0][3]) is unused and will be removed from module CORDIC__3.
WARNING: [Synth 8-3332] Sequential element (x_reg[0][0]) is unused and will be removed from module CORDIC__3.
WARNING: [Synth 8-3332] Sequential element (y_reg[0][0]) is unused and will be removed from module CORDIC__3.
WARNING: [Synth 8-3332] Sequential element (x_reg[0][1]) is unused and will be removed from module CORDIC__3.
WARNING: [Synth 8-3332] Sequential element (y_reg[0][1]) is unused and will be removed from module CORDIC__3.
WARNING: [Synth 8-3332] Sequential element (x_reg[0][2]) is unused and will be removed from module CORDIC__3.
WARNING: [Synth 8-3332] Sequential element (y_reg[0][2]) is unused and will be removed from module CORDIC__3.
WARNING: [Synth 8-3332] Sequential element (x_reg[0][3]) is unused and will be removed from module CORDIC__3.
INFO: [Synth 8-3886] merging instance 'CORDIC_ROTOR[1].ROTOR/x_reg[0][0]' (FD) to 'CORDIC_ROTOR[1].ROTOR/y_reg[0][3]'
INFO: [Synth 8-3886] merging instance 'CORDIC_ROTOR[1].ROTOR/y_reg[0][0]' (FD) to 'CORDIC_ROTOR[1].ROTOR/y_reg[0][3]'
INFO: [Synth 8-3886] merging instance 'CORDIC_ROTOR[1].ROTOR/x_reg[0][1]' (FD) to 'CORDIC_ROTOR[1].ROTOR/y_reg[0][3]'
INFO: [Synth 8-3886] merging instance 'CORDIC_ROTOR[1].ROTOR/y_reg[0][1]' (FD) to 'CORDIC_ROTOR[1].ROTOR/y_reg[0][3]'
INFO: [Synth 8-3886] merging instance 'CORDIC_ROTOR[1].ROTOR/x_reg[0][2]' (FD) to 'CORDIC_ROTOR[1].ROTOR/y_reg[0][3]'
INFO: [Synth 8-3886] merging instance 'CORDIC_ROTOR[1].ROTOR/y_reg[0][2]' (FD) to 'CORDIC_ROTOR[1].ROTOR/y_reg[0][3]'
INFO: [Synth 8-3886] merging instance 'CORDIC_ROTOR[1].ROTOR/x_reg[0][3]' (FD) to 'CORDIC_ROTOR[1].ROTOR/y_reg[0][3]'
INFO: [Synth 8-3333] propagating constant 0 across sequential element (\CORDIC_ROTOR[1].ROTOR /\y_reg[0][3] )
INFO: [Synth 8-3886] merging instance 'CORDIC_ROTOR[1].ROTOR/x_reg[0][16]' (FD) to 'CORDIC_ROTOR[1].ROTOR/x_reg[0][17]'
INFO: [Synth 8-3886] merging instance 'CORDIC_ROTOR[1].ROTOR/y_reg[0][16]' (FD) to 'CORDIC_ROTOR[1].ROTOR/y_reg[0][17]'
INFO: [Synth 8-3886] merging instance 'CORDIC_ROTOR[1].ROTOR/x_reg[0][17]' (FD) to 'CORDIC_ROTOR[1].ROTOR/x_reg[0][18]'
INFO: [Synth 8-3886] merging instance 'CORDIC_ROTOR[1].ROTOR/y_reg[0][17]' (FD) to 'CORDIC_ROTOR[1].ROTOR/y_reg[0][18]'
INFO: [Synth 8-3886] merging instance 'CORDIC_ROTOR[1].ROTOR/x_reg[0][18]' (FD) to 'CORDIC_ROTOR[1].ROTOR/x_reg[0][19]'
INFO: [Synth 8-3886] merging instance 'CORDIC_ROTOR[1].ROTOR/y_reg[0][18]' (FD) to 'CORDIC_ROTOR[1].ROTOR/y_reg[0][19]'
INFO: [Synth 8-3886] merging instance 'CORDIC_ROTOR[1].ROTOR/xyz[0].y_reg[1][1]' (FD) to 'CORDIC_ROTOR[1].ROTOR/xyz[0].y_reg[1][2]'
INFO: [Synth 8-3886] merging instance 'CORDIC_ROTOR[1].ROTOR/xyz[0].x_reg[1][1]' (FD) to 'CORDIC_ROTOR[1].ROTOR/xyz[0].x_reg[1][2]'
INFO: [Synth 8-3886] merging instance 'CORDIC_ROTOR[1].ROTOR/xyz[0].y_reg[1][2]' (FD) to 'CORDIC_ROTOR[1].ROTOR/xyz[0].y_reg[1][3]'
INFO: [Synth 8-3886] merging instance 'CORDIC_ROTOR[1].ROTOR/xyz[0].x_reg[1][2]' (FD) to 'CORDIC_ROTOR[1].ROTOR/xyz[0].x_reg[1][3]'
WARNING: [Synth 8-3332] Sequential element (y_reg[0][18]) is unused and will be removed from module CORDIC.
WARNING: [Synth 8-3332] Sequential element (y_reg[0][17]) is unused and will be removed from module CORDIC.
WARNING: [Synth 8-3332] Sequential element (y_reg[0][16]) is unused and will be removed from module CORDIC.
WARNING: [Synth 8-3332] Sequential element (x_reg[0][18]) is unused and will be removed from module CORDIC.
WARNING: [Synth 8-3332] Sequential element (x_reg[0][17]) is unused and will be removed from module CORDIC.
WARNING: [Synth 8-3332] Sequential element (x_reg[0][16]) is unused and will be removed from module CORDIC.
WARNING: [Synth 8-3332] Sequential element (xyz[0].x_reg[1][2]) is unused and will be removed from module CORDIC.
WARNING: [Synth 8-3332] Sequential element (xyz[0].x_reg[1][1]) is unused and will be removed from module CORDIC.
WARNING: [Synth 8-3332] Sequential element (xyz[0].y_reg[1][2]) is unused and will be removed from module CORDIC.
WARNING: [Synth 8-3332] Sequential element (xyz[0].y_reg[1][1]) is unused and will be removed from module CORDIC.
WARNING: [Synth 8-3332] Sequential element (xyz[9].z_reg[10][30]) is unused and will be removed from module CORDIC.
WARNING: [Synth 8-3332] Sequential element (xyz[9].z_reg[10][29]) is unused and will be removed from module CORDIC.
WARNING: [Synth 8-3332] Sequential element (xyz[9].z_reg[10][28]) is unused and will be removed from module CORDIC.
WARNING: [Synth 8-3332] Sequential element (xyz[9].z_reg[10][27]) is unused and will be removed from module CORDIC.
WARNING: [Synth 8-3332] Sequential element (xyz[9].z_reg[10][26]) is unused and will be removed from module CORDIC.
WARNING: [Synth 8-3332] Sequential element (xyz[9].z_reg[10][25]) is unused and will be removed from module CORDIC.
WARNING: [Synth 8-3332] Sequential element (xyz[9].z_reg[10][24]) is unused and will be removed from module CORDIC.
WARNING: [Synth 8-3332] Sequential element (xyz[9].z_reg[10][23]) is unused and will be removed from module CORDIC.
WARNING: [Synth 8-3332] Sequential element (xyz[9].z_reg[10][22]) is unused and will be removed from module CORDIC.
WARNING: [Synth 8-3332] Sequential element (xyz[9].z_reg[10][21]) is unused and will be removed from module CORDIC.
WARNING: [Synth 8-3332] Sequential element (xyz[9].z_reg[10][20]) is unused and will be removed from module CORDIC.
WARNING: [Synth 8-3332] Sequential element (xyz[9].z_reg[10][19]) is unused and will be removed from module CORDIC.
WARNING: [Synth 8-3332] Sequential element (xyz[9].z_reg[10][18]) is unused and will be removed from module CORDIC.
WARNING: [Synth 8-3332] Sequential element (xyz[9].z_reg[10][17]) is unused and will be removed from module CORDIC.
WARNING: [Synth 8-3332] Sequential element (xyz[9].z_reg[10][16]) is unused and will be removed from module CORDIC.
WARNING: [Synth 8-3332] Sequential element (xyz[9].z_reg[10][15]) is unused and will be removed from module CORDIC.
WARNING: [Synth 8-3332] Sequential element (xyz[9].z_reg[10][14]) is unused and will be removed from module CORDIC.
WARNING: [Synth 8-3332] Sequential element (xyz[9].z_reg[10][13]) is unused and will be removed from module CORDIC.
WARNING: [Synth 8-3332] Sequential element (xyz[9].z_reg[10][12]) is unused and will be removed from module CORDIC.
WARNING: [Synth 8-3332] Sequential element (xyz[9].z_reg[10][11]) is unused and will be removed from module CORDIC.
WARNING: [Synth 8-3332] Sequential element (xyz[9].z_reg[10][10]) is unused and will be removed from module CORDIC.
WARNING: [Synth 8-3332] Sequential element (xyz[9].z_reg[10][9]) is unused and will be removed from module CORDIC.
WARNING: [Synth 8-3332] Sequential element (xyz[9].z_reg[10][8]) is unused and will be removed from module CORDIC.
WARNING: [Synth 8-3332] Sequential element (xyz[9].z_reg[10][7]) is unused and will be removed from module CORDIC.
WARNING: [Synth 8-3332] Sequential element (xyz[9].z_reg[10][6]) is unused and will be removed from module CORDIC.
WARNING: [Synth 8-3332] Sequential element (xyz[9].z_reg[10][5]) is unused and will be removed from module CORDIC.
WARNING: [Synth 8-3332] Sequential element (xyz[9].z_reg[10][4]) is unused and will be removed from module CORDIC.
WARNING: [Synth 8-3332] Sequential element (xyz[9].z_reg[10][3]) is unused and will be removed from module CORDIC.
WARNING: [Synth 8-3332] Sequential element (xyz[9].z_reg[10][2]) is unused and will be removed from module CORDIC.
WARNING: [Synth 8-3332] Sequential element (xyz[9].z_reg[10][1]) is unused and will be removed from module CORDIC.
WARNING: [Synth 8-3332] Sequential element (xyz[9].z_reg[10][0]) is unused and will be removed from module CORDIC.
WARNING: [Synth 8-3332] Sequential element (xyz[10].x_reg[11][3]) is unused and will be removed from module CORDIC.
WARNING: [Synth 8-3332] Sequential element (xyz[10].x_reg[11][2]) is unused and will be removed from module CORDIC.
INFO: [Common 17-14] Message 'Synth 8-3332' appears 100 times and further instances of the messages will be disabled. Use the Tcl command set_msg_config to change the current settings.
INFO: [Synth 8-3886] merging instance 'CORDIC_ROTOR[3].ROTOR/xyz[0].y_reg[1][0]' (FD) to 'CORDIC_ROTOR[3].ROTOR/xyz[0].x_reg[1][0]'
INFO: [Synth 8-3333] propagating constant 0 across sequential element (\CORDIC_ROTOR[3].ROTOR /\xyz[0].x_reg[1][0] )
INFO: [Synth 8-3886] merging instance 'CORDIC_ROTOR[1].ROTOR/xyz[0].y_reg[1][0]' (FD) to 'CORDIC_ROTOR[1].ROTOR/xyz[0].x_reg[1][0]'
INFO: [Synth 8-3333] propagating constant 0 across sequential element (\CORDIC_ROTOR[1].ROTOR /\xyz[0].x_reg[1][0] )
INFO: [Synth 8-3886] merging instance 'CORDIC_ROTOR[3].ROTOR/z_reg[0][30]' (FD) to 'CORDIC_ROTOR[3].ROTOR/z_reg[0][31]'
INFO: [Synth 8-3886] merging instance 'CORDIC_ROTOR[3].ROTOR/xyz[0].z_reg[1][30]' (FD) to 'CORDIC_ROTOR[3].ROTOR/xyz[0].z_reg[1][31]'
INFO: [Synth 8-3886] merging instance 'CORDIC_ROTOR[1].ROTOR/z_reg[0][30]' (FD) to 'CORDIC_ROTOR[1].ROTOR/z_reg[0][31]'
INFO: [Synth 8-3886] merging instance 'CORDIC_ROTOR[1].ROTOR/xyz[0].z_reg[1][30]' (FD) to 'CORDIC_ROTOR[1].ROTOR/xyz[0].z_reg[1][31]'
