Copyright 1986-2016 Xilinx, Inc. All Rights Reserved.
------------------------------------------------------------------------------------------------------
| Tool Version      : Vivado v.2016.1 (lin64) Build 1538259 Fri Apr  8 15:45:23 MDT 2016
| Date              : Sun Mar 12 18:27:08 2017
| Host              : zaid-LIFEBOOK-A555 running 64-bit Ubuntu 16.04.2 LTS
| Command           : report_clock_utilization -file hwcosim_top_wrapper_clock_utilization_routed.rpt
| Design            : hwcosim_top_wrapper
| Device            : 7vx485t-ffg1761
| Speed File        : -2  PRODUCTION 1.12 2014-09-11
| Temperature Grade : C
------------------------------------------------------------------------------------------------------

Clock Utilization Report

Table of Contents
-----------------
1. Clock Primitive Utilization
2. Global Clock Resources
3. Global Clock Source Details
4. Local Clock Details
5. Clock Regions: Key Resource Utilization
6. Clock Regions : Global Clock Summary
7. Cell Type Counts per Global Clock: Region X0Y0
8. Cell Type Counts per Global Clock: Region X1Y0
9. Cell Type Counts per Global Clock: Region X0Y1
10. Cell Type Counts per Global Clock: Region X1Y1
11. Cell Type Counts per Global Clock: Region X0Y2
12. Cell Type Counts per Global Clock: Region X1Y2
13. Cell Type Counts per Global Clock: Region X0Y3
14. Cell Type Counts per Global Clock: Region X1Y3
15. Cell Type Counts per Global Clock: Region X0Y4
16. Cell Type Counts per Global Clock: Region X1Y4
17. Cell Type Counts per Global Clock: Region X0Y5
18. Cell Type Counts per Global Clock: Region X1Y5
19. Load Cell Placement Summary for Global Clock g0
20. Load Cell Placement Summary for Global Clock g1
21. Load Cell Placement Summary for Global Clock g2
22. Load Cell Placement Summary for Global Clock g3

1. Clock Primitive Utilization
------------------------------

+----------+------+-----------+-----+--------------+--------+
| Type     | Used | Available | LOC | Clock Region | Pblock |
+----------+------+-----------+-----+--------------+--------+
| BUFGCTRL |    4 |        32 |   0 |            0 |      0 |
| BUFH     |    0 |       168 |   0 |            0 |      0 |
| BUFIO    |    0 |        56 |   0 |            0 |      0 |
| BUFMR    |    0 |        28 |   0 |            0 |      0 |
| BUFR     |    0 |        56 |   0 |            0 |      0 |
| MMCM     |    1 |        14 |   0 |            0 |      0 |
| PLL      |    0 |        14 |   0 |            0 |      0 |
+----------+------+-----------+-----+--------------+--------+


2. Global Clock Resources
-------------------------

+-------+-------+-----------------+------------+----------------+--------------+------+-------------------+---------------+-------------+-----------------+--------------+------------------------------------+---------------------------------------------------------------------------------+-------------------------------------------------------------------------+
| GlbID | SrcId | Driver Type/Pin | Constraint | Site           | Clock Region | Root | Clock Delay Group | Clock Regions | Clock Loads | Non-Clock Loads | Clock Period | Clock                              | Driver Pin                                                                      | Net                                                                     |
+-------+-------+-----------------+------------+----------------+--------------+------+-------------------+---------------+-------------+-----------------+--------------+------------------------------------+---------------------------------------------------------------------------------+-------------------------------------------------------------------------+
| g0    | src0  | BUFG/O          | None       | BUFGCTRL_X0Y17 | n/a          |      |                   |             3 |           1 |             639 |       20.000 | clk_out1_hwcosim_top_sys_clk_wiz_0 | hwcosim_top_i/sys_clk_wiz/inst/clkout1_buf/O                                    | hwcosim_top_i/sys_clk_wiz/inst/clk_out1                                 |
| g1    | src0  | BUFG/O          | None       | BUFGCTRL_X0Y18 | n/a          |      |                   |             1 |           1 |               0 |        5.000 | clkfbout_hwcosim_top_sys_clk_wiz_0 | hwcosim_top_i/sys_clk_wiz/inst/clkf_buf/O                                       | hwcosim_top_i/sys_clk_wiz/inst/clkfbout_buf_hwcosim_top_sys_clk_wiz_0   |
| g2    | src1  | BUFG/O          | None       | BUFGCTRL_X0Y0  | n/a          | n/a  | n/a               |             1 |           0 |             332 |       33.333 | jtag_clk                           | hwcosim_top_i/hwc_jtag_axi_transport_0/jtag_clk_BUFG_inst/O                     | hwcosim_top_i/hwc_jtag_axi_transport_0/jtag_clk                         |
| g3    | src2  | BUFGCTRL/O      | None       | BUFGCTRL_X0Y16 | n/a          | n/a  | n/a               |            12 |           0 |           53451 |       20.000 | clk_out1_hwcosim_top_sys_clk_wiz_0 | hwcosim_top_i/sum_1_0/inst/sum_1_axi_lite_interface/xhwcmmcc/xhwcbufgmux_inst/O | hwcosim_top_i/sum_1_0/inst/sum_1_axi_lite_interface/xhwcmmcc/clk_35_net |
+-------+-------+-----------------+------------+----------------+--------------+------+-------------------+---------------+-------------+-----------------+--------------+------------------------------------+---------------------------------------------------------------------------------+-------------------------------------------------------------------------+
* Note: Multiple constraint types applied to the driver. Please check for potential conflicts.


3. Global Clock Source Details
------------------------------

+-------+--------+---------------------+------------+-----------------+--------------+-------------+-----------------+---------------------+------------------------------------+--------------------------------------------------------------+-------------------------------------------------------------------+
| SrcID | GlbIDs | Driver Type/Pin     | Constraint | Site            | Clock Region | Clock Loads | Non-Clock Loads | Source Clock Period | Source Clock                       | Driver Pin                                                   | Net                                                               |
+-------+--------+---------------------+------------+-----------------+--------------+-------------+-----------------+---------------------+------------------------------------+--------------------------------------------------------------+-------------------------------------------------------------------+
| src0  | g0     | MMCME2_ADV/CLKOUT0  | None       | MMCME2_ADV_X1Y5 | X1Y5         |           1 |               0 |              20.000 | clk_out1_hwcosim_top_sys_clk_wiz_0 | hwcosim_top_i/sys_clk_wiz/inst/mmcm_adv_inst/CLKOUT0         | hwcosim_top_i/sys_clk_wiz/inst/clk_out1_hwcosim_top_sys_clk_wiz_0 |
| src0  | g1     | MMCME2_ADV/CLKFBOUT | None       | MMCME2_ADV_X1Y5 | X1Y5         |           1 |               0 |               5.000 | clkfbout_hwcosim_top_sys_clk_wiz_0 | hwcosim_top_i/sys_clk_wiz/inst/mmcm_adv_inst/CLKFBOUT        | hwcosim_top_i/sys_clk_wiz/inst/clkfbout_hwcosim_top_sys_clk_wiz_0 |
| src1  | g2     | BSCANE2/TCK         | None       | BSCAN_X0Y1      | X0Y1         |           1 |               0 |              33.333 | jtag_clk                           | hwcosim_top_i/hwc_jtag_axi_transport_0/inst/BSCANE2_inst/TCK | hwcosim_top_i/hwc_jtag_axi_transport_0/inst/jtag_clk              |
| src2  | g3     | BUFG/O              | None       | BUFGCTRL_X0Y17  | n/a          |           1 |             197 |              20.000 | clk_out1_hwcosim_top_sys_clk_wiz_0 | hwcosim_top_i/sys_clk_wiz/inst/clkout1_buf/O                 | hwcosim_top_i/sys_clk_wiz/inst/clk_out1                           |
+-------+--------+---------------------+------------+-----------------+--------------+-------------+-----------------+---------------------+------------------------------------+--------------------------------------------------------------+-------------------------------------------------------------------+


4. Local Clock Details
----------------------

+-------+-----------------+------------+----------+--------------+-------------+-----------------+--------------+-------+------------+-----+
| LocId | Driver Type/Pin | Constraint | Site/BEL | Clock Region | Clock Loads | Non-Clock Loads | Clock Period | Clock | Driver Pin | Net |
+-------+-----------------+------------+----------+--------------+-------------+-----------------+--------------+-------+------------+-----+


5. Clock Regions: Key Resource Utilization
------------------------------------------

+-------------------+--------------+--------------+--------------+--------------+--------------+--------------+--------------+--------------+--------------+--------------+--------------+--------------+--------------+--------------+--------------+
|                   | Global Clock |     BUFRs    |    BUFMRs    |    BUFIOs    |     MMCM     |      PLL     |      GT      |      PCI     |    ILOGIC    |    OLOGIC    |      FF      |     LUTM     |    RAMB18    |    RAMB36    |    DSP48E2   |
+-------------------+------+-------+------+-------+------+-------+------+-------+------+-------+------+-------+------+-------+------+-------+------+-------+------+-------+------+-------+------+-------+------+-------+------+-------+------+-------+
| Clock Region Name | Used | Avail | Used | Avail | Used | Avail | Used | Avail | Used | Avail | Used | Avail | Used | Avail | Used | Avail | Used | Avail | Used | Avail | Used | Avail | Used | Avail | Used | Avail | Used | Avail | Used | Avail |
+-------------------+------+-------+------+-------+------+-------+------+-------+------+-------+------+-------+------+-------+------+-------+------+-------+------+-------+------+-------+------+-------+------+-------+------+-------+------+-------+
| X0Y0              |    1 |    12 |    0 |     4 |    0 |     2 |    0 |     4 |    0 |     1 |    0 |     1 |    0 |     5 |    0 |     0 |    0 |    50 |    0 |    50 | 5639 | 44000 | 2202 |  8800 |    0 |     0 |    0 |    70 |    0 |   180 |
| X1Y0              |    1 |    12 |    0 |     4 |    0 |     2 |    0 |     4 |    0 |     1 |    0 |     1 |    0 |     5 |    0 |     0 |    0 |    50 |    0 |    50 | 6653 | 44800 | 2921 | 10000 |    0 |     0 |    0 |    80 |    0 |   220 |
| X0Y1              |    1 |    12 |    0 |     4 |    0 |     2 |    0 |     4 |    0 |     1 |    0 |     1 |    0 |     5 |    0 |     0 |    0 |    50 |    0 |    50 | 7500 | 39200 | 3678 |  8800 |    0 |     0 |    0 |    70 |    0 |   180 |
| X1Y1              |    1 |    12 |    0 |     4 |    0 |     2 |    0 |     4 |    0 |     1 |    0 |     1 |    0 |     5 |    0 |     0 |    0 |    50 |    0 |    50 | 8514 | 44800 | 3646 | 10000 |    0 |     0 |    0 |    80 |    0 |   220 |
| X0Y2              |    1 |    12 |    0 |     4 |    0 |     2 |    0 |     4 |    0 |     1 |    0 |     1 |    0 |     5 |    0 |     0 |    0 |    50 |    0 |    50 | 7517 | 38000 | 3536 |  8600 |    0 |     0 |    8 |    65 |    0 |   180 |
| X1Y2              |    1 |    12 |    0 |     4 |    0 |     2 |    0 |     4 |    0 |     1 |    0 |     1 |    0 |     5 |    0 |     0 |    0 |    50 |    0 |    50 | 7840 | 43600 | 3591 |  9800 |    0 |     0 |   10 |    75 |    0 |   220 |
| X0Y3              |    3 |    12 |    0 |     4 |    0 |     2 |    0 |     4 |    0 |     1 |    0 |     1 |    0 |     5 |    0 |     0 |    0 |    50 |    0 |    50 | 4884 | 44000 | 1981 |  8800 |    0 |     0 |  104 |    70 |    0 |   180 |
| X1Y3              |    2 |    12 |    0 |     4 |    0 |     2 |    0 |     4 |    0 |     1 |    0 |     1 |    0 |     5 |    0 |     0 |    0 |    50 |    0 |    50 | 4999 | 44800 | 2124 | 10000 |    0 |     0 |   44 |    80 |    0 |   220 |
| X0Y4              |    1 |    12 |    0 |     4 |    0 |     2 |    0 |     4 |    0 |     1 |    0 |     1 |    0 |     5 |    0 |     0 |    0 |    50 |    0 |    50 |    8 | 44000 |    7 |  8800 |    0 |     0 |   88 |    70 |    0 |   180 |
| X1Y4              |    1 |    12 |    0 |     4 |    0 |     2 |    0 |     4 |    0 |     1 |    0 |     1 |    0 |     5 |    0 |     0 |    0 |    50 |    0 |    50 |    4 | 44800 |    2 | 10000 |    0 |     0 |   44 |    80 |    0 |   220 |
| X0Y5              |    1 |    12 |    0 |     4 |    0 |     2 |    0 |     4 |    0 |     1 |    0 |     1 |    0 |     5 |    0 |     0 |    0 |    50 |    0 |    50 |    8 | 42800 |    3 |  8600 |    0 |     0 |   46 |    65 |    0 |   180 |
| X1Y5              |    2 |    12 |    0 |     4 |    0 |     2 |    0 |     4 |    1 |     1 |    0 |     1 |    0 |     5 |    0 |     0 |    0 |    50 |    0 |    50 |    0 | 43600 |    0 |  9800 |    0 |     0 |   12 |    75 |    0 |   220 |
| X0Y6              |    0 |    12 |    0 |     4 |    0 |     2 |    0 |     4 |    0 |     1 |    0 |     1 |    0 |     5 |    0 |     0 |    0 |    50 |    0 |    50 |    0 | 44000 |    0 |  8800 |    0 |     0 |    0 |    70 |    0 |   180 |
| X1Y6              |    0 |    12 |    0 |     4 |    0 |     2 |    0 |     4 |    0 |     1 |    0 |     1 |    0 |     5 |    0 |     0 |    0 |    50 |    0 |    50 |    0 | 44800 |    0 | 10000 |    0 |     0 |    0 |    80 |    0 |   220 |
+-------------------+------+-------+------+-------+------+-------+------+-------+------+-------+------+-------+------+-------+------+-------+------+-------+------+-------+------+-------+------+-------+------+-------+------+-------+------+-------+
* Used Global Clocks includes only global clock resources based on load placement but does not consider global clock resources used to traverse a clock region. Therefore the actual total of Used Global Clocks may be higher.
** RAMB36 site can be used as two RAMB18/FIFO18 sites.


6. Clock Regions : Global Clock Summary
---------------------------------------

+----+----+----+
|    | X0 | X1 |
+----+----+----+
| Y6 |  0 |  0 |
| Y5 |  1 |  2 |
| Y4 |  1 |  1 |
| Y3 |  3 |  2 |
| Y2 |  1 |  1 |
| Y1 |  1 |  1 |
| Y0 |  1 |  1 |
+----+----+----+
* Used Global Clocks includes only global clock resources based on load placement but does not consider global clock resources used to traverse a clock region. Therefore the actual total of Used Global Clocks may be higher.


7. Cell Type Counts per Global Clock: Region X0Y0
-------------------------------------------------

+-------+-------+-----------------+------------+-------------+-----------------+------+--------+------+-----+----+------+-----+---------+-------------------------------------------------------------------------+
| GlbID | Track | Driver Type/Pin | Constraint | Clock Loads | Non-Clock Loads | FF   | LUTRAM | RAMB | DSP | GT | MMCM | PLL | Hard IP | Net                                                                     |
+-------+-------+-----------------+------------+-------------+-----------------+------+--------+------+-----+----+------+-----+---------+-------------------------------------------------------------------------+
| g3    | n/a   | BUFGCTRL/O      | None       |           0 |            5702 | 5639 |   2202 |   50 |   0 |  0 |    0 |   0 |       0 | hwcosim_top_i/sum_1_0/inst/sum_1_axi_lite_interface/xhwcmmcc/clk_35_net |
+-------+-------+-----------------+------------+-------------+-----------------+------+--------+------+-----+----+------+-----+---------+-------------------------------------------------------------------------+


8. Cell Type Counts per Global Clock: Region X1Y0
-------------------------------------------------

+-------+-------+-----------------+------------+-------------+-----------------+------+--------+------+-----+----+------+-----+---------+-------------------------------------------------------------------------+
| GlbID | Track | Driver Type/Pin | Constraint | Clock Loads | Non-Clock Loads | FF   | LUTRAM | RAMB | DSP | GT | MMCM | PLL | Hard IP | Net                                                                     |
+-------+-------+-----------------+------------+-------------+-----------------+------+--------+------+-----+----+------+-----+---------+-------------------------------------------------------------------------+
| g3    | n/a   | BUFGCTRL/O      | None       |           0 |            6740 | 6653 |   2921 |   79 |   0 |  0 |    0 |   0 |       0 | hwcosim_top_i/sum_1_0/inst/sum_1_axi_lite_interface/xhwcmmcc/clk_35_net |
+-------+-------+-----------------+------------+-------------+-----------------+------+--------+------+-----+----+------+-----+---------+-------------------------------------------------------------------------+


9. Cell Type Counts per Global Clock: Region X0Y1
-------------------------------------------------

+-------+-------+-----------------+------------+-------------+-----------------+------+--------+------+-----+----+------+-----+---------+-------------------------------------------------------------------------+
| GlbID | Track | Driver Type/Pin | Constraint | Clock Loads | Non-Clock Loads | FF   | LUTRAM | RAMB | DSP | GT | MMCM | PLL | Hard IP | Net                                                                     |
+-------+-------+-----------------+------------+-------------+-----------------+------+--------+------+-----+----+------+-----+---------+-------------------------------------------------------------------------+
| g3    | n/a   | BUFGCTRL/O      | None       |           0 |            7511 | 7500 |   3678 |    3 |   0 |  0 |    0 |   0 |       0 | hwcosim_top_i/sum_1_0/inst/sum_1_axi_lite_interface/xhwcmmcc/clk_35_net |
+-------+-------+-----------------+------------+-------------+-----------------+------+--------+------+-----+----+------+-----+---------+-------------------------------------------------------------------------+


10. Cell Type Counts per Global Clock: Region X1Y1
--------------------------------------------------

+-------+-------+-----------------+------------+-------------+-----------------+------+--------+------+-----+----+------+-----+---------+-------------------------------------------------------------------------+
| GlbID | Track | Driver Type/Pin | Constraint | Clock Loads | Non-Clock Loads | FF   | LUTRAM | RAMB | DSP | GT | MMCM | PLL | Hard IP | Net                                                                     |
+-------+-------+-----------------+------------+-------------+-----------------+------+--------+------+-----+----+------+-----+---------+-------------------------------------------------------------------------+
| g3    | n/a   | BUFGCTRL/O      | None       |           0 |            8535 | 8514 |   3646 |   12 |   0 |  0 |    0 |   0 |       0 | hwcosim_top_i/sum_1_0/inst/sum_1_axi_lite_interface/xhwcmmcc/clk_35_net |
+-------+-------+-----------------+------------+-------------+-----------------+------+--------+------+-----+----+------+-----+---------+-------------------------------------------------------------------------+


11. Cell Type Counts per Global Clock: Region X0Y2
--------------------------------------------------

+-------+-------+-----------------+------------+-------------+-----------------+------+--------+------+-----+----+------+-----+---------+-------------------------------------------------------------------------+
| GlbID | Track | Driver Type/Pin | Constraint | Clock Loads | Non-Clock Loads | FF   | LUTRAM | RAMB | DSP | GT | MMCM | PLL | Hard IP | Net                                                                     |
+-------+-------+-----------------+------------+-------------+-----------------+------+--------+------+-----+----+------+-----+---------+-------------------------------------------------------------------------+
| g3    | n/a   | BUFGCTRL/O      | None       |           0 |            7530 | 7517 |   3536 |   14 |   0 |  0 |    0 |   0 |       0 | hwcosim_top_i/sum_1_0/inst/sum_1_axi_lite_interface/xhwcmmcc/clk_35_net |
+-------+-------+-----------------+------------+-------------+-----------------+------+--------+------+-----+----+------+-----+---------+-------------------------------------------------------------------------+


12. Cell Type Counts per Global Clock: Region X1Y2
--------------------------------------------------

+-------+-------+-----------------+------------+-------------+-----------------+------+--------+------+-----+----+------+-----+---------+-------------------------------------------------------------------------+
| GlbID | Track | Driver Type/Pin | Constraint | Clock Loads | Non-Clock Loads | FF   | LUTRAM | RAMB | DSP | GT | MMCM | PLL | Hard IP | Net                                                                     |
+-------+-------+-----------------+------------+-------------+-----------------+------+--------+------+-----+----+------+-----+---------+-------------------------------------------------------------------------+
| g3    | n/a   | BUFGCTRL/O      | None       |           0 |            7859 | 7840 |   3591 |   24 |   0 |  0 |    0 |   0 |       0 | hwcosim_top_i/sum_1_0/inst/sum_1_axi_lite_interface/xhwcmmcc/clk_35_net |
+-------+-------+-----------------+------------+-------------+-----------------+------+--------+------+-----+----+------+-----+---------+-------------------------------------------------------------------------+


13. Cell Type Counts per Global Clock: Region X0Y3
--------------------------------------------------

+-------+-------+-----------------+------------+-------------+-----------------+------+--------+------+-----+----+------+-----+---------+-------------------------------------------------------------------------+
| GlbID | Track | Driver Type/Pin | Constraint | Clock Loads | Non-Clock Loads | FF   | LUTRAM | RAMB | DSP | GT | MMCM | PLL | Hard IP | Net                                                                     |
+-------+-------+-----------------+------------+-------------+-----------------+------+--------+------+-----+----+------+-----+---------+-------------------------------------------------------------------------+
| g0    | n/a   | BUFG/O          | None       |           0 |             621 |  619 |    244 |    2 |   0 |  0 |    0 |   0 |       0 | hwcosim_top_i/sys_clk_wiz/inst/clk_out1                                 |
| g2    | n/a   | BUFG/O          | None       |           0 |             332 |  330 |    109 |    2 |   0 |  0 |    0 |   0 |       0 | hwcosim_top_i/hwc_jtag_axi_transport_0/jtag_clk                         |
| g3    | n/a   | BUFGCTRL/O      | None       |           0 |            3997 | 3935 |   1628 |  114 |   0 |  0 |    0 |   0 |       0 | hwcosim_top_i/sum_1_0/inst/sum_1_axi_lite_interface/xhwcmmcc/clk_35_net |
+-------+-------+-----------------+------------+-------------+-----------------+------+--------+------+-----+----+------+-----+---------+-------------------------------------------------------------------------+


14. Cell Type Counts per Global Clock: Region X1Y3
--------------------------------------------------

+-------+-------+-----------------+------------+-------------+-----------------+------+--------+------+-----+----+------+-----+---------+-------------------------------------------------------------------------+
| GlbID | Track | Driver Type/Pin | Constraint | Clock Loads | Non-Clock Loads | FF   | LUTRAM | RAMB | DSP | GT | MMCM | PLL | Hard IP | Net                                                                     |
+-------+-------+-----------------+------------+-------------+-----------------+------+--------+------+-----+----+------+-----+---------+-------------------------------------------------------------------------+
| g0    | n/a   | BUFG/O          | None       |           0 |              18 |   18 |      7 |    0 |   0 |  0 |    0 |   0 |       0 | hwcosim_top_i/sys_clk_wiz/inst/clk_out1                                 |
| g3    | n/a   | BUFGCTRL/O      | None       |           0 |            5046 | 4981 |   2117 |   81 |   0 |  0 |    0 |   0 |       0 | hwcosim_top_i/sum_1_0/inst/sum_1_axi_lite_interface/xhwcmmcc/clk_35_net |
+-------+-------+-----------------+------------+-------------+-----------------+------+--------+------+-----+----+------+-----+---------+-------------------------------------------------------------------------+


15. Cell Type Counts per Global Clock: Region X0Y4
--------------------------------------------------

+-------+-------+-----------------+------------+-------------+-----------------+----+--------+------+-----+----+------+-----+---------+-------------------------------------------------------------------------+
| GlbID | Track | Driver Type/Pin | Constraint | Clock Loads | Non-Clock Loads | FF | LUTRAM | RAMB | DSP | GT | MMCM | PLL | Hard IP | Net                                                                     |
+-------+-------+-----------------+------------+-------------+-----------------+----+--------+------+-----+----+------+-----+---------+-------------------------------------------------------------------------+
| g3    | n/a   | BUFGCTRL/O      | None       |           0 |              52 |  8 |      7 |   88 |   0 |  0 |    0 |   0 |       0 | hwcosim_top_i/sum_1_0/inst/sum_1_axi_lite_interface/xhwcmmcc/clk_35_net |
+-------+-------+-----------------+------------+-------------+-----------------+----+--------+------+-----+----+------+-----+---------+-------------------------------------------------------------------------+


16. Cell Type Counts per Global Clock: Region X1Y4
--------------------------------------------------

+-------+-------+-----------------+------------+-------------+-----------------+----+--------+------+-----+----+------+-----+---------+-------------------------------------------------------------------------+
| GlbID | Track | Driver Type/Pin | Constraint | Clock Loads | Non-Clock Loads | FF | LUTRAM | RAMB | DSP | GT | MMCM | PLL | Hard IP | Net                                                                     |
+-------+-------+-----------------+------------+-------------+-----------------+----+--------+------+-----+----+------+-----+---------+-------------------------------------------------------------------------+
| g3    | n/a   | BUFGCTRL/O      | None       |           0 |              26 |  4 |      2 |   44 |   0 |  0 |    0 |   0 |       0 | hwcosim_top_i/sum_1_0/inst/sum_1_axi_lite_interface/xhwcmmcc/clk_35_net |
+-------+-------+-----------------+------------+-------------+-----------------+----+--------+------+-----+----+------+-----+---------+-------------------------------------------------------------------------+


17. Cell Type Counts per Global Clock: Region X0Y5
--------------------------------------------------

+-------+-------+-----------------+------------+-------------+-----------------+----+--------+------+-----+----+------+-----+---------+-------------------------------------------------------------------------+
| GlbID | Track | Driver Type/Pin | Constraint | Clock Loads | Non-Clock Loads | FF | LUTRAM | RAMB | DSP | GT | MMCM | PLL | Hard IP | Net                                                                     |
+-------+-------+-----------------+------------+-------------+-----------------+----+--------+------+-----+----+------+-----+---------+-------------------------------------------------------------------------+
| g3    | n/a   | BUFGCTRL/O      | None       |           0 |              31 |  8 |      3 |   46 |   0 |  0 |    0 |   0 |       0 | hwcosim_top_i/sum_1_0/inst/sum_1_axi_lite_interface/xhwcmmcc/clk_35_net |
+-------+-------+-----------------+------------+-------------+-----------------+----+--------+------+-----+----+------+-----+---------+-------------------------------------------------------------------------+


18. Cell Type Counts per Global Clock: Region X1Y5
--------------------------------------------------

+-------+-------+-----------------+------------+-------------+-----------------+----+--------+------+-----+----+------+-----+---------+-------------------------------------------------------------------------+
| GlbID | Track | Driver Type/Pin | Constraint | Clock Loads | Non-Clock Loads | FF | LUTRAM | RAMB | DSP | GT | MMCM | PLL | Hard IP | Net                                                                     |
+-------+-------+-----------------+------------+-------------+-----------------+----+--------+------+-----+----+------+-----+---------+-------------------------------------------------------------------------+
| g1    | n/a   | BUFG/O          | None       |           1 |               0 |  0 |      0 |    0 |   0 |  0 |    1 |   0 |       0 | hwcosim_top_i/sys_clk_wiz/inst/clkfbout_buf_hwcosim_top_sys_clk_wiz_0   |
| g3    | n/a   | BUFGCTRL/O      | None       |           0 |               6 |  0 |      0 |   12 |   0 |  0 |    0 |   0 |       0 | hwcosim_top_i/sum_1_0/inst/sum_1_axi_lite_interface/xhwcmmcc/clk_35_net |
+-------+-------+-----------------+------------+-------------+-----------------+----+--------+------+-----+----+------+-----+---------+-------------------------------------------------------------------------+


19. Load Cell Placement Summary for Global Clock g0
---------------------------------------------------

+-------+-----------------+-------------------+------------------------------------+-------------+----------------+----------+-------------+----------+-------------+----+-----------------------------------------+
| GlbID | Driver Type/Pin | Driver Region (D) | Clock                              | Period (ns) | Waveform (ns)  | Root (R) | Slice Loads | IO Loads | Clock Loads | GT | Net                                     |
+-------+-----------------+-------------------+------------------------------------+-------------+----------------+----------+-------------+----------+-------------+----+-----------------------------------------+
| g0    | BUFG/O          | n/a               | clk_out1_hwcosim_top_sys_clk_wiz_0 |      20.000 | {0.000 10.000} |          |         639 |        0 |           0 |  0 | hwcosim_top_i/sys_clk_wiz/inst/clk_out1 |
+-------+-----------------+-------------------+------------------------------------+-------------+----------------+----------+-------------+----------+-------------+----+-----------------------------------------+


+----+------+-----+
|    | X0   | X1  |
+----+------+-----+
| Y6 |    0 |   0 |
| Y5 |    0 |   0 |
| Y4 |    0 |   0 |
| Y3 |  621 |  18 |
| Y2 |    0 |   0 |
| Y1 |    0 |   0 |
| Y0 |    0 |   0 |
+----+------+-----+


20. Load Cell Placement Summary for Global Clock g1
---------------------------------------------------

+-------+-----------------+-------------------+------------------------------------+-------------+---------------+----------+-------------+----------+-------------+----+-----------------------------------------------------------------------+
| GlbID | Driver Type/Pin | Driver Region (D) | Clock                              | Period (ns) | Waveform (ns) | Root (R) | Slice Loads | IO Loads | Clock Loads | GT | Net                                                                   |
+-------+-----------------+-------------------+------------------------------------+-------------+---------------+----------+-------------+----------+-------------+----+-----------------------------------------------------------------------+
| g1    | BUFG/O          | n/a               | clkfbout_hwcosim_top_sys_clk_wiz_0 |       5.000 | {0.000 2.500} |          |           0 |        0 |           1 |  0 | hwcosim_top_i/sys_clk_wiz/inst/clkfbout_buf_hwcosim_top_sys_clk_wiz_0 |
+-------+-----------------+-------------------+------------------------------------+-------------+---------------+----------+-------------+----------+-------------+----+-----------------------------------------------------------------------+


+----+----+----+
|    | X0 | X1 |
+----+----+----+
| Y6 |  0 |  0 |
| Y5 |  0 |  1 |
| Y4 |  0 |  0 |
| Y3 |  0 |  0 |
| Y2 |  0 |  0 |
| Y1 |  0 |  0 |
| Y0 |  0 |  0 |
+----+----+----+


21. Load Cell Placement Summary for Global Clock g2
---------------------------------------------------

+-------+-----------------+-------------------+----------+-------------+----------------+----------+-------------+----------+-------------+----+-------------------------------------------------+
| GlbID | Driver Type/Pin | Driver Region (D) | Clock    | Period (ns) | Waveform (ns)  | Root (R) | Slice Loads | IO Loads | Clock Loads | GT | Net                                             |
+-------+-----------------+-------------------+----------+-------------+----------------+----------+-------------+----------+-------------+----+-------------------------------------------------+
| g2    | BUFG/O          | n/a               | jtag_clk |      33.333 | {0.000 16.667} |          |         332 |        0 |           0 |  0 | hwcosim_top_i/hwc_jtag_axi_transport_0/jtag_clk |
+-------+-----------------+-------------------+----------+-------------+----------------+----------+-------------+----------+-------------+----+-------------------------------------------------+


+----+------+----+
|    | X0   | X1 |
+----+------+----+
| Y6 |    0 |  0 |
| Y5 |    0 |  0 |
| Y4 |    0 |  0 |
| Y3 |  332 |  0 |
| Y2 |    0 |  0 |
| Y1 |    0 |  0 |
| Y0 |    0 |  0 |
+----+------+----+


22. Load Cell Placement Summary for Global Clock g3
---------------------------------------------------

+-------+-----------------+-------------------+------------------------------------+-------------+----------------+----------+-------------+----------+-------------+----+-------------------------------------------------------------------------+
| GlbID | Driver Type/Pin | Driver Region (D) | Clock                              | Period (ns) | Waveform (ns)  | Root (R) | Slice Loads | IO Loads | Clock Loads | GT | Net                                                                     |
+-------+-----------------+-------------------+------------------------------------+-------------+----------------+----------+-------------+----------+-------------+----+-------------------------------------------------------------------------+
| g3    | BUFGCTRL/O      | n/a               | clk_out1_hwcosim_top_sys_clk_wiz_0 |      20.000 | {0.000 10.000} |          |       53035 |        0 |           0 |  0 | hwcosim_top_i/sum_1_0/inst/sum_1_axi_lite_interface/xhwcmmcc/clk_35_net |
+-------+-----------------+-------------------+------------------------------------+-------------+----------------+----------+-------------+----------+-------------+----+-------------------------------------------------------------------------+


+----+-------+-------+
|    | X0    | X1    |
+----+-------+-------+
| Y6 |     0 |     0 |
| Y5 |    31 |     6 |
| Y4 |    52 |    26 |
| Y3 |  3997 |  5046 |
| Y2 |  7530 |  7859 |
| Y1 |  7511 |  8535 |
| Y0 |  5702 |  6740 |
+----+-------+-------+



# Location of BUFG Primitives 
set_property LOC BUFGCTRL_X0Y18 [get_cells hwcosim_top_i/sys_clk_wiz/inst/clkf_buf]
set_property LOC BUFGCTRL_X0Y17 [get_cells hwcosim_top_i/sys_clk_wiz/inst/clkout1_buf]
set_property LOC BUFGCTRL_X0Y16 [get_cells hwcosim_top_i/sum_1_0/inst/sum_1_axi_lite_interface/xhwcmmcc/xhwcbufgmux_inst]
set_property LOC BUFGCTRL_X0Y0 [get_cells hwcosim_top_i/hwc_jtag_axi_transport_0/jtag_clk_BUFG_inst]

# Location of IO Primitives which is load of clock spine

# Location of clock ports
set_property LOC IOB_X1Y275 [get_ports sys_diff_clock_clk_n]
set_property LOC IOB_X1Y276 [get_ports sys_diff_clock_clk_p]

# Clock net "hwcosim_top_i/sys_clk_wiz/inst/clk_out1" driven by instance "hwcosim_top_i/sys_clk_wiz/inst/clkout1_buf" located at site "BUFGCTRL_X0Y17"
#startgroup
create_pblock {CLKAG_hwcosim_top_i/sys_clk_wiz/inst/clk_out1}
add_cells_to_pblock [get_pblocks  {CLKAG_hwcosim_top_i/sys_clk_wiz/inst/clk_out1}] [get_cells -filter { PRIMITIVE_GROUP != I/O && IS_PRIMITIVE==1 && PRIMITIVE_LEVEL !=INTERNAL && NAME!=hwcosim_top_i/sum_1_0/inst/sum_1_axi_lite_interface/xhwcmmcc/xhwcbufgmux_inst} -of_object [get_pins -filter {DIRECTION==IN} -of_objects [get_nets -hierarchical -filter {PARENT=="hwcosim_top_i/sys_clk_wiz/inst/clk_out1"}]]]
resize_pblock [get_pblocks {CLKAG_hwcosim_top_i/sys_clk_wiz/inst/clk_out1}] -add {CLOCKREGION_X0Y3:CLOCKREGION_X0Y3 CLOCKREGION_X1Y3:CLOCKREGION_X1Y3}
#endgroup

# Clock net "hwcosim_top_i/sum_1_0/inst/sum_1_axi_lite_interface/xhwcmmcc/clk_35_net" driven by instance "hwcosim_top_i/sum_1_0/inst/sum_1_axi_lite_interface/xhwcmmcc/xhwcbufgmux_inst" located at site "BUFGCTRL_X0Y16"
#startgroup
create_pblock {CLKAG_hwcosim_top_i/sum_1_0/inst/sum_1_axi_lite_interface/xhwcmmcc/clk_35_net}
add_cells_to_pblock [get_pblocks  {CLKAG_hwcosim_top_i/sum_1_0/inst/sum_1_axi_lite_interface/xhwcmmcc/clk_35_net}] [get_cells -filter { PRIMITIVE_GROUP != I/O && IS_PRIMITIVE==1 && PRIMITIVE_LEVEL !=INTERNAL } -of_object [get_pins -filter {DIRECTION==IN} -of_objects [get_nets -hierarchical -filter {PARENT=="hwcosim_top_i/sum_1_0/inst/sum_1_axi_lite_interface/xhwcmmcc/clk_35_net"}]]]
resize_pblock [get_pblocks {CLKAG_hwcosim_top_i/sum_1_0/inst/sum_1_axi_lite_interface/xhwcmmcc/clk_35_net}] -add {CLOCKREGION_X0Y0:CLOCKREGION_X0Y0 CLOCKREGION_X0Y1:CLOCKREGION_X0Y1 CLOCKREGION_X0Y2:CLOCKREGION_X0Y2 CLOCKREGION_X0Y3:CLOCKREGION_X0Y3 CLOCKREGION_X0Y4:CLOCKREGION_X0Y4 CLOCKREGION_X0Y5:CLOCKREGION_X0Y5 CLOCKREGION_X1Y0:CLOCKREGION_X1Y0 CLOCKREGION_X1Y1:CLOCKREGION_X1Y1 CLOCKREGION_X1Y2:CLOCKREGION_X1Y2 CLOCKREGION_X1Y3:CLOCKREGION_X1Y3 CLOCKREGION_X1Y4:CLOCKREGION_X1Y4 CLOCKREGION_X1Y5:CLOCKREGION_X1Y5}
#endgroup

# Clock net "hwcosim_top_i/hwc_jtag_axi_transport_0/jtag_clk" driven by instance "hwcosim_top_i/hwc_jtag_axi_transport_0/jtag_clk_BUFG_inst" located at site "BUFGCTRL_X0Y0"
#startgroup
create_pblock {CLKAG_hwcosim_top_i/hwc_jtag_axi_transport_0/jtag_clk}
add_cells_to_pblock [get_pblocks  {CLKAG_hwcosim_top_i/hwc_jtag_axi_transport_0/jtag_clk}] [get_cells -filter { PRIMITIVE_GROUP != I/O && IS_PRIMITIVE==1 && PRIMITIVE_LEVEL !=INTERNAL } -of_object [get_pins -filter {DIRECTION==IN} -of_objects [get_nets -hierarchical -filter {PARENT=="hwcosim_top_i/hwc_jtag_axi_transport_0/jtag_clk"}]]]
resize_pblock [get_pblocks {CLKAG_hwcosim_top_i/hwc_jtag_axi_transport_0/jtag_clk}] -add {CLOCKREGION_X0Y3:CLOCKREGION_X0Y3}
#endgroup
