Copyright 1986-2016 Xilinx, Inc. All Rights Reserved.
-------------------------------------------------------------------------------------------------------------
| Tool Version : Vivado v.2016.3 (win64) Build 1682563 Mon Oct 10 19:07:27 MDT 2016
| Date         : Thu Feb 16 05:06:23 2017
| Host         : mustafar running 64-bit major release  (build 9200)
| Command      : report_utilization -file blk_mem_Q_utilization_synth.rpt -pb blk_mem_Q_utilization_synth.pb
| Design       : blk_mem_Q
| Device       : xcvu095ffva2104-2
| Design State : Synthesized
-------------------------------------------------------------------------------------------------------------

Utilization Design Information

Table of Contents
-----------------
1. CLB Logic
1.1 Summary of Registers by Type
2. BLOCKRAM
3. ARITHMETIC
4. I/O
5. CLOCK
6. ADVANCED
7. CONFIGURATION
8. Primitives
9. Black Boxes
10. Instantiated Netlists

1. CLB Logic
------------

+-------------------------+------+-------+-----------+-------+
|        Site Type        | Used | Fixed | Available | Util% |
+-------------------------+------+-------+-----------+-------+
| CLB LUTs*               |   96 |     0 |    537600 |  0.02 |
|   LUT as Logic          |   96 |     0 |    537600 |  0.02 |
|   LUT as Memory         |    0 |     0 |     76800 |  0.00 |
| CLB Registers           |    8 |     0 |   1075200 | <0.01 |
|   Register as Flip Flop |    8 |     0 |   1075200 | <0.01 |
|   Register as Latch     |    0 |     0 |   1075200 |  0.00 |
| CARRY8                  |    0 |     0 |     67200 |  0.00 |
| F7 Muxes                |    0 |     0 |    268800 |  0.00 |
| F8 Muxes                |    0 |     0 |    134400 |  0.00 |
| F9 Muxes                |    0 |     0 |     67200 |  0.00 |
+-------------------------+------+-------+-----------+-------+
* Warning! The Final LUT count, after physical optimizations and full implementation, is typically lower. Run opt_design after synthesis, if not already completed, for a more realistic count.


1.1 Summary of Registers by Type
--------------------------------

+-------+--------------+-------------+--------------+
| Total | Clock Enable | Synchronous | Asynchronous |
+-------+--------------+-------------+--------------+
| 0     |            _ |           - |            - |
| 0     |            _ |           - |          Set |
| 0     |            _ |           - |        Reset |
| 0     |            _ |         Set |            - |
| 0     |            _ |       Reset |            - |
| 0     |          Yes |           - |            - |
| 0     |          Yes |           - |          Set |
| 0     |          Yes |           - |        Reset |
| 0     |          Yes |         Set |            - |
| 8     |          Yes |       Reset |            - |
+-------+--------------+-------------+--------------+


2. BLOCKRAM
-----------

+-------------------+------+-------+-----------+-------+
|     Site Type     | Used | Fixed | Available | Util% |
+-------------------+------+-------+-----------+-------+
| Block RAM Tile    |   14 |     0 |      1728 |  0.81 |
|   RAMB36/FIFO*    |   13 |     0 |      1728 |  0.75 |
|     RAMB36E2 only |   13 |       |           |       |
|   RAMB18          |    2 |     0 |      3456 |  0.06 |
|     RAMB18E2 only |    2 |       |           |       |
+-------------------+------+-------+-----------+-------+
* Note: Each Block RAM Tile only has one FIFO logic available and therefore can accommodate only one FIFO36E2 or one FIFO18E2. However, if a FIFO18E2 occupies a Block RAM Tile, that tile can still accommodate a RAMB18E2


3. ARITHMETIC
-------------

+-----------+------+-------+-----------+-------+
| Site Type | Used | Fixed | Available | Util% |
+-----------+------+-------+-----------+-------+
| DSPs      |    0 |     0 |       768 |  0.00 |
+-----------+------+-------+-----------+-------+


4. I/O
------

+------------+------+-------+-----------+-------+
|  Site Type | Used | Fixed | Available | Util% |
+------------+------+-------+-----------+-------+
| Bonded IOB |    0 |     0 |       832 |  0.00 |
+------------+------+-------+-----------+-------+


5. CLOCK
--------

+----------------------+------+-------+-----------+-------+
|       Site Type      | Used | Fixed | Available | Util% |
+----------------------+------+-------+-----------+-------+
| GLOBAL CLOCK BUFFERs |    0 |     0 |       960 |  0.00 |
|   BUFGCE             |    0 |     0 |       384 |  0.00 |
|   BUFGCE_DIV         |    0 |     0 |        64 |  0.00 |
|   BUFG_GT            |    0 |     0 |       384 |  0.00 |
|   BUFGCTRL*          |    0 |     0 |       128 |  0.00 |
| PLLE3_ADV            |    0 |     0 |        32 |  0.00 |
| MMCME3_ADV           |    0 |     0 |        16 |  0.00 |
+----------------------+------+-------+-----------+-------+
* Note: Each used BUFGCTRL counts as two global buffer resources. This table does not include global clocking resources, only buffer cell usage. See the Clock Utilization Report (report_clock_utilization) for detailed accounting of global clocking resource availability.


6. ADVANCED
-----------

+-----------------+------+-------+-----------+-------+
|    Site Type    | Used | Fixed | Available | Util% |
+-----------------+------+-------+-----------+-------+
| CMAC            |    0 |     0 |         4 |  0.00 |
| GTHE3_CHANNEL   |    0 |     0 |        28 |  0.00 |
| GTHE3_COMMON    |    0 |     0 |         7 |  0.00 |
| GTYE3_CHANNEL   |    0 |     0 |        24 |  0.00 |
| GTYE3_COMMON    |    0 |     0 |         6 |  0.00 |
| IBUFDS_GTE3     |    0 |     0 |        26 |  0.00 |
| ILKN            |    0 |     0 |         6 |  0.00 |
| OBUFDS_GTE3     |    0 |     0 |        26 |  0.00 |
| OBUFDS_GTE3_ADV |    0 |     0 |        26 |  0.00 |
| PCIE_3_1        |    0 |     0 |         4 |  0.00 |
| SYSMONE1        |    0 |     0 |         1 |  0.00 |
+-----------------+------+-------+-----------+-------+


7. CONFIGURATION
----------------

+-------------+------+-------+-----------+-------+
|  Site Type  | Used | Fixed | Available | Util% |
+-------------+------+-------+-----------+-------+
| BSCANE2     |    0 |     0 |         4 |  0.00 |
| DNA_PORTE2  |    0 |     0 |         1 |  0.00 |
| EFUSE_USR   |    0 |     0 |         1 |  0.00 |
| FRAME_ECCE3 |    0 |     0 |         1 |  0.00 |
| ICAPE3      |    0 |     0 |         2 |  0.00 |
| STARTUPE3   |    0 |     0 |         1 |  0.00 |
+-------------+------+-------+-----------+-------+


8. Primitives
-------------

+----------+------+---------------------+
| Ref Name | Used | Functional Category |
+----------+------+---------------------+
| LUT5     |   40 |                 CLB |
| LUT6     |   36 |                 CLB |
| LUT4     |   22 |                 CLB |
| RAMB36E2 |   13 |           Block Ram |
| FDRE     |    8 |            Register |
| RAMB18E2 |    2 |           Block Ram |
| LUT3     |    2 |                 CLB |
| LUT2     |    2 |                 CLB |
| LUT1     |    2 |                 CLB |
+----------+------+---------------------+


9. Black Boxes
--------------

+----------+------+
| Ref Name | Used |
+----------+------+


10. Instantiated Netlists
-------------------------

+----------+------+
| Ref Name | Used |
+----------+------+


