
*** Running vivado
    with args -log blk_mem_Q.vds -m64 -product Vivado -mode batch -messageDb vivado.pb -notrace -source blk_mem_Q.tcl


****** Vivado v2016.3 (64-bit)
  **** SW Build 1682563 on Mon Oct 10 19:07:27 MDT 2016
  **** IP Build 1681267 on Mon Oct 10 21:28:31 MDT 2016
    ** Copyright 1986-2016 Xilinx, Inc. All Rights Reserved.

source blk_mem_Q.tcl -notrace
Starting RTL Elaboration : Time (s): cpu = 00:00:13 ; elapsed = 00:00:14 . Memory (MB): peak = 410.371 ; gain = 200.934
INFO: [Synth 8-638] synthesizing module 'blk_mem_Q' [d:/gps/GPS_Ver/Acq_Track_AC701/Acq_Track_AC701.srcs/sources_1/ip/blk_mem_Q/synth/blk_mem_Q.vhd:74]
INFO: [Synth 8-256] done synthesizing module 'blk_mem_Q' (11#1) [d:/gps/GPS_Ver/Acq_Track_AC701/Acq_Track_AC701.srcs/sources_1/ip/blk_mem_Q/synth/blk_mem_Q.vhd:74]
Finished RTL Elaboration : Time (s): cpu = 00:01:15 ; elapsed = 00:01:19 . Memory (MB): peak = 609.637 ; gain = 400.199
Finished RTL Optimization Phase 1 : Time (s): cpu = 00:01:15 ; elapsed = 00:01:19 . Memory (MB): peak = 609.637 ; gain = 400.199
INFO: [Device 21-403] Loading part xcvu095-ffva2104-2-e
Constraint Validation Runtime : Time (s): cpu = 00:00:00 ; elapsed = 00:00:00.030 . Memory (MB): peak = 1043.832 ; gain = 0.000
Finished Constraint Validation : Time (s): cpu = 00:01:30 ; elapsed = 00:01:34 . Memory (MB): peak = 1043.832 ; gain = 834.395
Finished Loading Part and Timing Information : Time (s): cpu = 00:01:30 ; elapsed = 00:01:34 . Memory (MB): peak = 1043.832 ; gain = 834.395
Finished applying 'set_property' XDC Constraints : Time (s): cpu = 00:01:30 ; elapsed = 00:01:34 . Memory (MB): peak = 1043.832 ; gain = 834.395
Finished RTL Optimization Phase 2 : Time (s): cpu = 00:01:31 ; elapsed = 00:01:35 . Memory (MB): peak = 1043.832 ; gain = 834.395
Finished Cross Boundary and Area Optimization : Time (s): cpu = 00:01:31 ; elapsed = 00:01:35 . Memory (MB): peak = 1043.832 ; gain = 834.395
Finished Applying XDC Timing Constraints : Time (s): cpu = 00:01:45 ; elapsed = 00:01:50 . Memory (MB): peak = 1247.113 ; gain = 1037.676
Finished Timing Optimization : Time (s): cpu = 00:01:46 ; elapsed = 00:01:50 . Memory (MB): peak = 1249.148 ; gain = 1039.711
Finished Technology Mapping : Time (s): cpu = 00:01:46 ; elapsed = 00:01:50 . Memory (MB): peak = 1260.762 ; gain = 1051.324
Finished IO Insertion : Time (s): cpu = 00:01:46 ; elapsed = 00:01:51 . Memory (MB): peak = 1260.762 ; gain = 1051.324
Finished Renaming Generated Instances : Time (s): cpu = 00:01:46 ; elapsed = 00:01:51 . Memory (MB): peak = 1260.762 ; gain = 1051.324
Finished Rebuilding User Hierarchy : Time (s): cpu = 00:01:46 ; elapsed = 00:01:51 . Memory (MB): peak = 1260.762 ; gain = 1051.324
Finished Renaming Generated Ports : Time (s): cpu = 00:01:46 ; elapsed = 00:01:51 . Memory (MB): peak = 1260.762 ; gain = 1051.324
Finished Handling Custom Attributes : Time (s): cpu = 00:01:46 ; elapsed = 00:01:51 . Memory (MB): peak = 1260.762 ; gain = 1051.324
Finished Renaming Generated Nets : Time (s): cpu = 00:01:46 ; elapsed = 00:01:51 . Memory (MB): peak = 1260.762 ; gain = 1051.324

Report Cell Usage: 
+------+------------+------+
|      |Cell        |Count |
+------+------------+------+
|1     |LUT1        |     2|
|2     |LUT2        |     2|
|3     |LUT3        |     2|
|4     |LUT4        |    22|
|5     |LUT5        |    40|
|6     |LUT6        |    36|
|7     |RAMB18E2    |     1|
|8     |RAMB18E2_1  |     1|
|9     |RAMB36E2    |     1|
|10    |RAMB36E2_1  |     1|
|11    |RAMB36E2_10 |     1|
|12    |RAMB36E2_11 |     1|
|13    |RAMB36E2_12 |     1|
|14    |RAMB36E2_2  |     1|
|15    |RAMB36E2_3  |     1|
|16    |RAMB36E2_4  |     1|
|17    |RAMB36E2_5  |     1|
|18    |RAMB36E2_6  |     1|
|19    |RAMB36E2_7  |     1|
|20    |RAMB36E2_8  |     1|
|21    |RAMB36E2_9  |     1|
|22    |FDRE        |     8|
+------+------------+------+
Finished Writing Synthesis Report : Time (s): cpu = 00:01:46 ; elapsed = 00:01:51 . Memory (MB): peak = 1260.762 ; gain = 1051.324
synth_design: Time (s): cpu = 00:01:42 ; elapsed = 00:01:45 . Memory (MB): peak = 1323.141 ; gain = 992.109
