Copyright 1986-2016 Xilinx, Inc. All Rights Reserved.
---------------------------------------------------------------------------------------------------------------------
| Tool Version : Vivado v.2016.3 (win64) Build 1682563 Mon Oct 10 19:07:27 MDT 2016
| Date         : Thu Feb 16 05:17:02 2017
| Host         : mustafar running 64-bit major release  (build 9200)
| Command      : report_utilization -file Top_Acq_Track_utilization_synth.rpt -pb Top_Acq_Track_utilization_synth.pb
| Design       : Top_Acq_Track
| Device       : xcvu095ffva2104-2
| Design State : Synthesized
---------------------------------------------------------------------------------------------------------------------

Utilization Design Information

Table of Contents
-----------------
1. CLB Logic
1.1 Summary of Registers by Type
2. BLOCKRAM
3. ARITHMETIC
4. I/O
5. CLOCK
6. ADVANCED
7. CONFIGURATION
8. Primitives
9. Black Boxes
10. Instantiated Netlists

1. CLB Logic
------------

+----------------------------+--------+-------+-----------+-------+
|          Site Type         |  Used  | Fixed | Available | Util% |
+----------------------------+--------+-------+-----------+-------+
| CLB LUTs*                  | 139376 |     0 |    537600 | 25.93 |
|   LUT as Logic             | 139239 |     0 |    537600 | 25.90 |
|   LUT as Memory            |    137 |     0 |     76800 |  0.18 |
|     LUT as Distributed RAM |      0 |     0 |           |       |
|     LUT as Shift Register  |    137 |     0 |           |       |
| CLB Registers              |  31900 |     0 |   1075200 |  2.97 |
|   Register as Flip Flop    |  31900 |     0 |   1075200 |  2.97 |
|   Register as Latch        |      0 |     0 |   1075200 |  0.00 |
| CARRY8                     |   9250 |     0 |     67200 | 13.76 |
| F7 Muxes                   |  30504 |     0 |    268800 | 11.35 |
| F8 Muxes                   |  14528 |     0 |    134400 | 10.81 |
| F9 Muxes                   |      0 |     0 |     67200 |  0.00 |
+----------------------------+--------+-------+-----------+-------+
* Warning! The Final LUT count, after physical optimizations and full implementation, is typically lower. Run opt_design after synthesis, if not already completed, for a more realistic count.


1.1 Summary of Registers by Type
--------------------------------

+-------+--------------+-------------+--------------+
| Total | Clock Enable | Synchronous | Asynchronous |
+-------+--------------+-------------+--------------+
| 0     |            _ |           - |            - |
| 0     |            _ |           - |          Set |
| 0     |            _ |           - |        Reset |
| 0     |            _ |         Set |            - |
| 0     |            _ |       Reset |            - |
| 0     |          Yes |           - |            - |
| 0     |          Yes |           - |          Set |
| 0     |          Yes |           - |        Reset |
| 55    |          Yes |         Set |            - |
| 31845 |          Yes |       Reset |            - |
+-------+--------------+-------------+--------------+


2. BLOCKRAM
-----------

+-------------------+------+-------+-----------+-------+
|     Site Type     | Used | Fixed | Available | Util% |
+-------------------+------+-------+-----------+-------+
| Block RAM Tile    |  0.5 |     0 |      1728 |  0.03 |
|   RAMB36/FIFO*    |    0 |     0 |      1728 |  0.00 |
|   RAMB18          |    1 |     0 |      3456 |  0.03 |
|     RAMB18E2 only |    1 |       |           |       |
+-------------------+------+-------+-----------+-------+
* Note: Each Block RAM Tile only has one FIFO logic available and therefore can accommodate only one FIFO36E2 or one FIFO18E2. However, if a FIFO18E2 occupies a Block RAM Tile, that tile can still accommodate a RAMB18E2


3. ARITHMETIC
-------------

+-----------+------+-------+-----------+-------+
| Site Type | Used | Fixed | Available | Util% |
+-----------+------+-------+-----------+-------+
| DSPs      |    0 |     0 |       768 |  0.00 |
+-----------+------+-------+-----------+-------+


4. I/O
------

+------------+------+-------+-----------+-------+
|  Site Type | Used | Fixed | Available | Util% |
+------------+------+-------+-----------+-------+
| Bonded IOB |    2 |     0 |       832 |  0.24 |
+------------+------+-------+-----------+-------+


5. CLOCK
--------

+----------------------+------+-------+-----------+-------+
|       Site Type      | Used | Fixed | Available | Util% |
+----------------------+------+-------+-----------+-------+
| GLOBAL CLOCK BUFFERs |    0 |     0 |       960 |  0.00 |
|   BUFGCE             |    0 |     0 |       384 |  0.00 |
|   BUFGCE_DIV         |    0 |     0 |        64 |  0.00 |
|   BUFG_GT            |    0 |     0 |       384 |  0.00 |
|   BUFGCTRL*          |    0 |     0 |       128 |  0.00 |
| PLLE3_ADV            |    0 |     0 |        32 |  0.00 |
| MMCME3_ADV           |    0 |     0 |        16 |  0.00 |
+----------------------+------+-------+-----------+-------+
* Note: Each used BUFGCTRL counts as two global buffer resources. This table does not include global clocking resources, only buffer cell usage. See the Clock Utilization Report (report_clock_utilization) for detailed accounting of global clocking resource availability.


6. ADVANCED
-----------

+-----------------+------+-------+-----------+-------+
|    Site Type    | Used | Fixed | Available | Util% |
+-----------------+------+-------+-----------+-------+
| CMAC            |    0 |     0 |         4 |  0.00 |
| GTHE3_CHANNEL   |    0 |     0 |        28 |  0.00 |
| GTHE3_COMMON    |    0 |     0 |         7 |  0.00 |
| GTYE3_CHANNEL   |    0 |     0 |        24 |  0.00 |
| GTYE3_COMMON    |    0 |     0 |         6 |  0.00 |
| IBUFDS_GTE3     |    0 |     0 |        26 |  0.00 |
| ILKN            |    0 |     0 |         6 |  0.00 |
| OBUFDS_GTE3     |    0 |     0 |        26 |  0.00 |
| OBUFDS_GTE3_ADV |    0 |     0 |        26 |  0.00 |
| PCIE_3_1        |    0 |     0 |         4 |  0.00 |
| SYSMONE1        |    0 |     0 |         1 |  0.00 |
+-----------------+------+-------+-----------+-------+


7. CONFIGURATION
----------------

+-------------+------+-------+-----------+-------+
|  Site Type  | Used | Fixed | Available | Util% |
+-------------+------+-------+-----------+-------+
| BSCANE2     |    0 |     0 |         4 |  0.00 |
| DNA_PORTE2  |    0 |     0 |         1 |  0.00 |
| EFUSE_USR   |    0 |     0 |         1 |  0.00 |
| FRAME_ECCE3 |    0 |     0 |         1 |  0.00 |
| ICAPE3      |    0 |     0 |         2 |  0.00 |
| STARTUPE3   |    0 |     0 |         1 |  0.00 |
+-------------+------+-------+-----------+-------+


8. Primitives
-------------

+----------+-------+---------------------+
| Ref Name |  Used | Functional Category |
+----------+-------+---------------------+
| LUT6     | 70659 |                 CLB |
| LUT3     | 33128 |                 CLB |
| FDRE     | 31845 |            Register |
| MUXF7    | 30504 |                 CLB |
| LUT4     | 25677 |                 CLB |
| LUT2     | 19776 |                 CLB |
| MUXF8    | 14528 |                 CLB |
| CARRY8   |  9250 |                 CLB |
| LUT1     |  4632 |                 CLB |
| LUT5     |  3297 |                 CLB |
| SRL16E   |   134 |                 CLB |
| FDSE     |    55 |            Register |
| SRLC32E  |     3 |                 CLB |
| RAMB18E2 |     1 |           Block Ram |
| OBUF     |     1 |                 I/O |
| INBUF    |     1 |                 I/O |
| IBUFCTRL |     1 |              Others |
+----------+-------+---------------------+


9. Black Boxes
--------------

+------------+------+
|  Ref Name  | Used |
+------------+------+
| blk_mem_Q  |    2 |
| blk_mem_I  |    2 |
| ila_1      |    1 |
| ila_0      |    1 |
| clk_wiz_0  |    1 |
| blk_mem_Q1 |    1 |
| blk_mem_I1 |    1 |
+------------+------+


10. Instantiated Netlists
-------------------------

+----------+------+
| Ref Name | Used |
+----------+------+


