#-----------------------------------------------------------
# Vivado v2016.1 (64-bit)
# SW Build 1538259 on Fri Apr  8 15:45:23 MDT 2016
# IP Build 1537824 on Fri Apr  8 04:28:57 MDT 2016
# Start of session at: Thu Mar 16 16:15:05 2017
# Process ID: 2501
# Current directory: /home/zaid/MTP/myrepo/GPS_Ver/Acq_Track_VCU108
# Command line: vivado
# Log file: /home/zaid/MTP/myrepo/GPS_Ver/Acq_Track_VCU108/vivado.log
# Journal file: /home/zaid/MTP/myrepo/GPS_Ver/Acq_Track_VCU108/vivado.jou
#-----------------------------------------------------------
start_gui
open_project /home/zaid/MTP/myrepo/GPS_Ver/Acq_Track_VCU108/Acq_Track_VCU108.xpr
Scanning sources...
Finished scanning sources
INFO: [IP_Flow 19-234] Refreshing IP repositories
INFO: [IP_Flow 19-1704] No user IP repositories specified
INFO: [IP_Flow 19-2313] Loaded Vivado IP repository '/opt/Xilinx/Vivado/2016.1/data/ip'.
open_project: Time (s): cpu = 00:00:37 ; elapsed = 00:00:45 . Memory (MB): peak = 6070.742 ; gain = 326.453 ; free physical = 4695 ; free virtual = 14437
update_compile_order -fileset sources_1
report_ip_status -name ip_status 
export_ip_user_files -of_objects [get_ips  {blk_mem_I blk_mem_I1 blk_mem_Q blk_mem_Q1 clk_wiz_0 ila_0 ila_1 ila_2 ila_3}] -no_script -reset -quiet
upgrade_ip -srcset blk_mem_I [get_ips  {blk_mem_I blk_mem_I1 blk_mem_Q blk_mem_Q1 clk_wiz_0 ila_0 ila_1 ila_2 ila_3}] -log ip_upgrade.log
Upgrading 'blk_mem_I'
INFO: [Project 1-386] Moving file '/home/zaid/MTP/myrepo/GPS_Ver/Acq_Track_VCU108/Acq_Track_VCU108.srcs/sources_1/ip/blk_mem_I_1/blk_mem_I.xci' from fileset 'blk_mem_I' to fileset 'sources_1'.
INFO: [Project 1-386] Moving file '/home/zaid/MTP/myrepo/GPS_Ver/Acq_Track_VCU108/Acq_Track_VCU108.srcs/sources_1/ip/blk_mem_I_1.xcix' from fileset 'blk_mem_I' to fileset 'sources_1'.
INFO: [Device 21-403] Loading part xc7a200tfbg676-2
INFO: [IP_Flow 19-3420] Updated blk_mem_I to use current project options
INFO: [IP_Flow 19-1686] Generating 'Instantiation Template' target for IP 'blk_mem_I'...
Upgrading 'blk_mem_I1'
INFO: [Project 1-386] Moving file '/home/zaid/MTP/myrepo/GPS_Ver/Acq_Track_VCU108/Acq_Track_VCU108.srcs/sources_1/ip/blk_mem_I1/blk_mem_I1.xci' from fileset 'blk_mem_I1' to fileset 'sources_1'.
INFO: [Project 1-386] Moving file '/home/zaid/MTP/myrepo/GPS_Ver/Acq_Track_VCU108/Acq_Track_VCU108.srcs/sources_1/ip/blk_mem_I1.xcix' from fileset 'blk_mem_I1' to fileset 'sources_1'.
INFO: [IP_Flow 19-3420] Updated blk_mem_I1 to use current project options
INFO: [IP_Flow 19-1686] Generating 'Instantiation Template' target for IP 'blk_mem_I1'...
Upgrading 'blk_mem_Q'
INFO: [Project 1-386] Moving file '/home/zaid/MTP/myrepo/GPS_Ver/Acq_Track_VCU108/Acq_Track_VCU108.srcs/sources_1/ip/blk_mem_Q/blk_mem_Q.xci' from fileset 'blk_mem_Q' to fileset 'sources_1'.
INFO: [Project 1-386] Moving file '/home/zaid/MTP/myrepo/GPS_Ver/Acq_Track_VCU108/Acq_Track_VCU108.srcs/sources_1/ip/blk_mem_Q.xcix' from fileset 'blk_mem_Q' to fileset 'sources_1'.
INFO: [IP_Flow 19-3420] Updated blk_mem_Q to use current project options
INFO: [IP_Flow 19-1686] Generating 'Instantiation Template' target for IP 'blk_mem_Q'...
Upgrading 'blk_mem_Q1'
INFO: [Project 1-386] Moving file '/home/zaid/MTP/myrepo/GPS_Ver/Acq_Track_VCU108/Acq_Track_VCU108.srcs/sources_1/ip/blk_mem_Q1/blk_mem_Q1.xci' from fileset 'blk_mem_Q1' to fileset 'sources_1'.
INFO: [Project 1-386] Moving file '/home/zaid/MTP/myrepo/GPS_Ver/Acq_Track_VCU108/Acq_Track_VCU108.srcs/sources_1/ip/blk_mem_Q1.xcix' from fileset 'blk_mem_Q1' to fileset 'sources_1'.
INFO: [IP_Flow 19-3420] Updated blk_mem_Q1 to use current project options
INFO: [IP_Flow 19-1686] Generating 'Instantiation Template' target for IP 'blk_mem_Q1'...
Upgrading 'clk_wiz_0'
INFO: [Project 1-386] Moving file '/home/zaid/MTP/myrepo/GPS_Ver/Acq_Track_VCU108/Acq_Track_VCU108.srcs/sources_1/ip/clk_wiz_0/clk_wiz_0.xci' from fileset 'clk_wiz_0' to fileset 'sources_1'.
INFO: [Project 1-386] Moving file '/home/zaid/MTP/myrepo/GPS_Ver/Acq_Track_VCU108/Acq_Track_VCU108.srcs/sources_1/ip/clk_wiz_0.xcix' from fileset 'clk_wiz_0' to fileset 'sources_1'.
INFO: [xilinx.com:ip:clk_wiz:5.3-1] clk_wiz_0: divN_0 10 phase_0 0.000 dutyCycle_0 0.500 
INFO: [xilinx.com:ip:clk_wiz:5.3-9] clk_wiz_0: value_5 0x00c0
INFO: [xilinx.com:ip:clk_wiz:5.3-111] clk_wiz_0: value_0 1145 0000 0000
INFO: [xilinx.com:ip:clk_wiz:5.3-222] clk_wiz_0: value_0 0x0000
INFO: [xilinx.com:ip:clk_wiz:5.3-333] clk_wiz_0: value 00c0
INFO: [xilinx.com:ip:clk_wiz:5.3-1] clk_wiz_0: divN_0 10 phase_0 0.000 dutyCycle_0 0.500 
INFO: [xilinx.com:ip:clk_wiz:5.3-9] clk_wiz_0: value_5 0x00c0
INFO: [xilinx.com:ip:clk_wiz:5.3-111] clk_wiz_0: value_0 1145 0000 0000
INFO: [xilinx.com:ip:clk_wiz:5.3-222] clk_wiz_0: value_0 0x0000
INFO: [xilinx.com:ip:clk_wiz:5.3-333] clk_wiz_0: value 00c0
WARNING: [IP_Flow 19-3374] An attempt to modify the value of disabled parameter 'MMCM_COMPENSATION' from 'ZHOLD' to 'AUTO' has been ignored for IP 'clk_wiz_0'
WARNING: [IP_Flow 19-3461] Value 'sysclk_125' is out of the range for parameter 'CLK IN1 BOARD INTERFACE(CLK_IN1_BOARD_INTERFACE)' for IP 'clk_wiz_0' . Valid values are - Custom, sys_diff_clock
WARNING: [IP_Flow 19-3438] Customization errors found on 'clk_wiz_0'. Restoring to previous valid configuration.
WARNING: [IP_Flow 19-1721] During upgrade of 'clk_wiz_0':
The upgraded user parameter set contained parameters that could not be mapped on to the upgraded IP. When checking the upgrade script, note that parameter names are case sensitive.

CRITICAL WARNING: [IP_Flow 19-3419] Update of 'clk_wiz_0' to current project options has resulted in an incomplete parameterization. Please review the message log, and recustomize this instance before continuing with your design.
WARNING: [IP_Flow 19-4699] Upgrade has removed interface 'CLK_IN1_D'
WARNING: [IP_Flow 19-4697] Upgrade has added interface 'clock_CLK_IN1' (xilinx.com:signal:clock:1.0)
WARNING: [IP_Flow 19-4697] Upgrade has added interface 'reset' (xilinx.com:signal:reset:1.0)
WARNING: [IP_Flow 19-4700] Upgrade has removed port 'clk_in1_n'
WARNING: [IP_Flow 19-4700] Upgrade has removed port 'clk_in1_p'
WARNING: [IP_Flow 19-4698] Upgrade has added port 'clk_in1'
WARNING: [IP_Flow 19-4698] Upgrade has added port 'locked'
WARNING: [IP_Flow 19-4698] Upgrade has added port 'reset'
WARNING: [IP_Flow 19-3670] Detected external interface differences while upgrading 'IP clk_wiz_0'.
WARNING: [IP_Flow 19-3298] Detected external port differences while upgrading 'IP clk_wiz_0'. These changes may impact your design.
INFO: [IP_Flow 19-1686] Generating 'Instantiation Template' target for IP 'clk_wiz_0'...
CRITICAL WARNING: [Coretcl 2-1279] The upgrade of 'IP clk_wiz_0' has identified issues that may require user intervention. Please review the upgrade log '/home/zaid/MTP/myrepo/GPS_Ver/Acq_Track_VCU108/ip_upgrade.log', and verify that the upgraded IP is correctly configured.
Upgrading 'ila_0'
INFO: [Project 1-386] Moving file '/home/zaid/MTP/myrepo/GPS_Ver/Acq_Track_VCU108/Acq_Track_VCU108.srcs/sources_1/ip/ila_0_1/ila_0.xci' from fileset 'ila_0' to fileset 'sources_1'.
INFO: [Project 1-386] Moving file '/home/zaid/MTP/myrepo/GPS_Ver/Acq_Track_VCU108/Acq_Track_VCU108.srcs/sources_1/ip/ila_0_1.xcix' from fileset 'ila_0' to fileset 'sources_1'.
INFO: [IP_Flow 19-3420] Updated ila_0 to use current project options
INFO: [IP_Flow 19-1686] Generating 'Instantiation Template' target for IP 'ila_0'...
Upgrading 'ila_1'
INFO: [Project 1-386] Moving file '/home/zaid/MTP/myrepo/GPS_Ver/Acq_Track_VCU108/Acq_Track_VCU108.srcs/sources_1/ip/ila_1_1/ila_1.xci' from fileset 'ila_1' to fileset 'sources_1'.
INFO: [Project 1-386] Moving file '/home/zaid/MTP/myrepo/GPS_Ver/Acq_Track_VCU108/Acq_Track_VCU108.srcs/sources_1/ip/ila_1_1.xcix' from fileset 'ila_1' to fileset 'sources_1'.
INFO: [IP_Flow 19-3420] Updated ila_1 to use current project options
INFO: [IP_Flow 19-1686] Generating 'Instantiation Template' target for IP 'ila_1'...
Upgrading 'ila_2'
INFO: [Project 1-386] Moving file '/home/zaid/MTP/myrepo/GPS_Ver/Acq_Track_VCU108/Acq_Track_VCU108.srcs/sources_1/ip/ila_2/ila_2.xci' from fileset 'ila_2' to fileset 'sources_1'.
INFO: [Project 1-386] Moving file '/home/zaid/MTP/myrepo/GPS_Ver/Acq_Track_VCU108/Acq_Track_VCU108.srcs/sources_1/ip/ila_2.xcix' from fileset 'ila_2' to fileset 'sources_1'.
INFO: [IP_Flow 19-3420] Updated ila_2 to use current project options
INFO: [IP_Flow 19-1686] Generating 'Instantiation Template' target for IP 'ila_2'...
Upgrading 'ila_3'
INFO: [Project 1-386] Moving file '/home/zaid/MTP/myrepo/GPS_Ver/Acq_Track_VCU108/Acq_Track_VCU108.srcs/sources_1/ip/ila_3/ila_3.xci' from fileset 'ila_3' to fileset 'sources_1'.
INFO: [Project 1-386] Moving file '/home/zaid/MTP/myrepo/GPS_Ver/Acq_Track_VCU108/Acq_Track_VCU108.srcs/sources_1/ip/ila_3.xcix' from fileset 'ila_3' to fileset 'sources_1'.
INFO: [IP_Flow 19-3420] Updated ila_3 to use current project options
INFO: [IP_Flow 19-1686] Generating 'Instantiation Template' target for IP 'ila_3'...
INFO: [Coretcl 2-1525] Wrote upgrade log to '/home/zaid/MTP/myrepo/GPS_Ver/Acq_Track_VCU108/ip_upgrade.log'.
upgrade_ip: Time (s): cpu = 00:03:57 ; elapsed = 00:03:49 . Memory (MB): peak = 6382.926 ; gain = 288.887 ; free physical = 2996 ; free virtual = 13364
update_compile_order -fileset sources_1
generate_target all [get_files  {/home/zaid/MTP/myrepo/GPS_Ver/Acq_Track_VCU108/Acq_Track_VCU108.srcs/sources_1/ip/blk_mem_I_1/blk_mem_I.xci /home/zaid/MTP/myrepo/GPS_Ver/Acq_Track_VCU108/Acq_Track_VCU108.srcs/sources_1/ip/blk_mem_I1/blk_mem_I1.xci /home/zaid/MTP/myrepo/GPS_Ver/Acq_Track_VCU108/Acq_Track_VCU108.srcs/sources_1/ip/blk_mem_Q/blk_mem_Q.xci /home/zaid/MTP/myrepo/GPS_Ver/Acq_Track_VCU108/Acq_Track_VCU108.srcs/sources_1/ip/blk_mem_Q1/blk_mem_Q1.xci /home/zaid/MTP/myrepo/GPS_Ver/Acq_Track_VCU108/Acq_Track_VCU108.srcs/sources_1/ip/clk_wiz_0/clk_wiz_0.xci /home/zaid/MTP/myrepo/GPS_Ver/Acq_Track_VCU108/Acq_Track_VCU108.srcs/sources_1/ip/ila_0_1/ila_0.xci /home/zaid/MTP/myrepo/GPS_Ver/Acq_Track_VCU108/Acq_Track_VCU108.srcs/sources_1/ip/ila_1_1/ila_1.xci /home/zaid/MTP/myrepo/GPS_Ver/Acq_Track_VCU108/Acq_Track_VCU108.srcs/sources_1/ip/ila_2/ila_2.xci /home/zaid/MTP/myrepo/GPS_Ver/Acq_Track_VCU108/Acq_Track_VCU108.srcs/sources_1/ip/ila_3/ila_3.xci}]
INFO: [IP_Flow 19-1686] Generating 'Synthesis' target for IP 'blk_mem_I'...
INFO: [IP_Flow 19-1686] Generating 'Simulation' target for IP 'blk_mem_I'...
INFO: [IP_Flow 19-1686] Generating 'Miscellaneous' target for IP 'blk_mem_I'...
INFO: [IP_Flow 19-1686] Generating 'Change Log' target for IP 'blk_mem_I'...
INFO: [IP_Flow 19-1686] Generating 'Synthesis' target for IP 'blk_mem_I1'...
INFO: [IP_Flow 19-1686] Generating 'Simulation' target for IP 'blk_mem_I1'...
INFO: [IP_Flow 19-1686] Generating 'Miscellaneous' target for IP 'blk_mem_I1'...
INFO: [IP_Flow 19-1686] Generating 'Change Log' target for IP 'blk_mem_I1'...
INFO: [IP_Flow 19-1686] Generating 'Synthesis' target for IP 'blk_mem_Q'...
INFO: [IP_Flow 19-1686] Generating 'Simulation' target for IP 'blk_mem_Q'...
INFO: [IP_Flow 19-1686] Generating 'Miscellaneous' target for IP 'blk_mem_Q'...
INFO: [IP_Flow 19-1686] Generating 'Change Log' target for IP 'blk_mem_Q'...
INFO: [IP_Flow 19-1686] Generating 'Synthesis' target for IP 'blk_mem_Q1'...
INFO: [IP_Flow 19-1686] Generating 'Simulation' target for IP 'blk_mem_Q1'...
INFO: [IP_Flow 19-1686] Generating 'Miscellaneous' target for IP 'blk_mem_Q1'...
INFO: [IP_Flow 19-1686] Generating 'Change Log' target for IP 'blk_mem_Q1'...
INFO: [IP_Flow 19-1686] Generating 'Synthesis' target for IP 'clk_wiz_0'...
INFO: [IP_Flow 19-1686] Generating 'Simulation' target for IP 'clk_wiz_0'...
INFO: [IP_Flow 19-1686] Generating 'Implementation' target for IP 'clk_wiz_0'...
INFO: [IP_Flow 19-1686] Generating 'Change Log' target for IP 'clk_wiz_0'...
INFO: [IP_Flow 19-1686] Generating 'Synthesis' target for IP 'ila_0'...
INFO: [IP_Flow 19-1686] Generating 'Simulation' target for IP 'ila_0'...
INFO: [IP_Flow 19-1686] Generating 'Change Log' target for IP 'ila_0'...
INFO: [IP_Flow 19-1686] Generating 'Synthesis' target for IP 'ila_1'...
INFO: [IP_Flow 19-1686] Generating 'Simulation' target for IP 'ila_1'...
INFO: [IP_Flow 19-1686] Generating 'Change Log' target for IP 'ila_1'...
INFO: [IP_Flow 19-1686] Generating 'Synthesis' target for IP 'ila_2'...
INFO: [IP_Flow 19-1686] Generating 'Simulation' target for IP 'ila_2'...
INFO: [IP_Flow 19-1686] Generating 'Change Log' target for IP 'ila_2'...
INFO: [IP_Flow 19-1686] Generating 'Synthesis' target for IP 'ila_3'...
INFO: [IP_Flow 19-1686] Generating 'Simulation' target for IP 'ila_3'...
INFO: [IP_Flow 19-1686] Generating 'Change Log' target for IP 'ila_3'...
generate_target: Time (s): cpu = 00:00:43 ; elapsed = 00:00:45 . Memory (MB): peak = 6406.133 ; gain = 21.977 ; free physical = 2690 ; free virtual = 13219
export_ip_user_files -of_objects [get_files /home/zaid/MTP/myrepo/GPS_Ver/Acq_Track_VCU108/Acq_Track_VCU108.srcs/sources_1/ip/blk_mem_I_1/blk_mem_I.xci] -no_script -force -quiet
export_ip_user_files -of_objects [get_files /home/zaid/MTP/myrepo/GPS_Ver/Acq_Track_VCU108/Acq_Track_VCU108.srcs/sources_1/ip/blk_mem_I1/blk_mem_I1.xci] -no_script -force -quiet
export_ip_user_files -of_objects [get_files /home/zaid/MTP/myrepo/GPS_Ver/Acq_Track_VCU108/Acq_Track_VCU108.srcs/sources_1/ip/blk_mem_Q/blk_mem_Q.xci] -no_script -force -quiet
export_ip_user_files -of_objects [get_files /home/zaid/MTP/myrepo/GPS_Ver/Acq_Track_VCU108/Acq_Track_VCU108.srcs/sources_1/ip/blk_mem_Q1/blk_mem_Q1.xci] -no_script -force -quiet
export_ip_user_files -of_objects [get_files /home/zaid/MTP/myrepo/GPS_Ver/Acq_Track_VCU108/Acq_Track_VCU108.srcs/sources_1/ip/clk_wiz_0/clk_wiz_0.xci] -no_script -force -quiet
export_ip_user_files -of_objects [get_files /home/zaid/MTP/myrepo/GPS_Ver/Acq_Track_VCU108/Acq_Track_VCU108.srcs/sources_1/ip/ila_0_1/ila_0.xci] -no_script -force -quiet
export_ip_user_files -of_objects [get_files /home/zaid/MTP/myrepo/GPS_Ver/Acq_Track_VCU108/Acq_Track_VCU108.srcs/sources_1/ip/ila_1_1/ila_1.xci] -no_script -force -quiet
export_ip_user_files -of_objects [get_files /home/zaid/MTP/myrepo/GPS_Ver/Acq_Track_VCU108/Acq_Track_VCU108.srcs/sources_1/ip/ila_2/ila_2.xci] -no_script -force -quiet
export_ip_user_files -of_objects [get_files /home/zaid/MTP/myrepo/GPS_Ver/Acq_Track_VCU108/Acq_Track_VCU108.srcs/sources_1/ip/ila_3/ila_3.xci] -no_script -force -quiet
create_ip_run [get_files -of_objects [get_fileset sources_1] /home/zaid/MTP/myrepo/GPS_Ver/Acq_Track_VCU108/Acq_Track_VCU108.srcs/sources_1/ip/blk_mem_I_1/blk_mem_I.xci]
create_ip_run [get_files -of_objects [get_fileset sources_1] /home/zaid/MTP/myrepo/GPS_Ver/Acq_Track_VCU108/Acq_Track_VCU108.srcs/sources_1/ip/blk_mem_I1/blk_mem_I1.xci]
create_ip_run [get_files -of_objects [get_fileset sources_1] /home/zaid/MTP/myrepo/GPS_Ver/Acq_Track_VCU108/Acq_Track_VCU108.srcs/sources_1/ip/blk_mem_Q/blk_mem_Q.xci]
create_ip_run [get_files -of_objects [get_fileset sources_1] /home/zaid/MTP/myrepo/GPS_Ver/Acq_Track_VCU108/Acq_Track_VCU108.srcs/sources_1/ip/blk_mem_Q1/blk_mem_Q1.xci]
create_ip_run [get_files -of_objects [get_fileset sources_1] /home/zaid/MTP/myrepo/GPS_Ver/Acq_Track_VCU108/Acq_Track_VCU108.srcs/sources_1/ip/clk_wiz_0/clk_wiz_0.xci]
create_ip_run [get_files -of_objects [get_fileset sources_1] /home/zaid/MTP/myrepo/GPS_Ver/Acq_Track_VCU108/Acq_Track_VCU108.srcs/sources_1/ip/ila_0_1/ila_0.xci]
create_ip_run [get_files -of_objects [get_fileset sources_1] /home/zaid/MTP/myrepo/GPS_Ver/Acq_Track_VCU108/Acq_Track_VCU108.srcs/sources_1/ip/ila_1_1/ila_1.xci]
create_ip_run [get_files -of_objects [get_fileset sources_1] /home/zaid/MTP/myrepo/GPS_Ver/Acq_Track_VCU108/Acq_Track_VCU108.srcs/sources_1/ip/ila_2/ila_2.xci]
create_ip_run [get_files -of_objects [get_fileset sources_1] /home/zaid/MTP/myrepo/GPS_Ver/Acq_Track_VCU108/Acq_Track_VCU108.srcs/sources_1/ip/ila_3/ila_3.xci]
launch_run -jobs 2 {blk_mem_I_synth_1 blk_mem_I1_synth_1 blk_mem_Q_synth_1 blk_mem_Q1_synth_1 clk_wiz_0_synth_1 ila_0_synth_1 ila_1_synth_1 ila_2_synth_1 ila_3_synth_1}
[Thu Mar 16 16:55:19 2017] Launched blk_mem_I_synth_1, blk_mem_I1_synth_1, blk_mem_Q_synth_1, blk_mem_Q1_synth_1, clk_wiz_0_synth_1, ila_0_synth_1, ila_1_synth_1, ila_2_synth_1, ila_3_synth_1...
Run output will be captured here:
blk_mem_I_synth_1: /home/zaid/MTP/myrepo/GPS_Ver/Acq_Track_VCU108/Acq_Track_VCU108.runs/blk_mem_I_synth_1/runme.log
blk_mem_I1_synth_1: /home/zaid/MTP/myrepo/GPS_Ver/Acq_Track_VCU108/Acq_Track_VCU108.runs/blk_mem_I1_synth_1/runme.log
blk_mem_Q_synth_1: /home/zaid/MTP/myrepo/GPS_Ver/Acq_Track_VCU108/Acq_Track_VCU108.runs/blk_mem_Q_synth_1/runme.log
blk_mem_Q1_synth_1: /home/zaid/MTP/myrepo/GPS_Ver/Acq_Track_VCU108/Acq_Track_VCU108.runs/blk_mem_Q1_synth_1/runme.log
clk_wiz_0_synth_1: /home/zaid/MTP/myrepo/GPS_Ver/Acq_Track_VCU108/Acq_Track_VCU108.runs/clk_wiz_0_synth_1/runme.log
ila_0_synth_1: /home/zaid/MTP/myrepo/GPS_Ver/Acq_Track_VCU108/Acq_Track_VCU108.runs/ila_0_synth_1/runme.log
ila_1_synth_1: /home/zaid/MTP/myrepo/GPS_Ver/Acq_Track_VCU108/Acq_Track_VCU108.runs/ila_1_synth_1/runme.log
ila_2_synth_1: /home/zaid/MTP/myrepo/GPS_Ver/Acq_Track_VCU108/Acq_Track_VCU108.runs/ila_2_synth_1/runme.log
ila_3_synth_1: /home/zaid/MTP/myrepo/GPS_Ver/Acq_Track_VCU108/Acq_Track_VCU108.runs/ila_3_synth_1/runme.log
export_simulation -of_objects [get_files /home/zaid/MTP/myrepo/GPS_Ver/Acq_Track_VCU108/Acq_Track_VCU108.srcs/sources_1/ip/blk_mem_I_1/blk_mem_I.xci] -directory /home/zaid/MTP/myrepo/GPS_Ver/Acq_Track_VCU108/Acq_Track_VCU108.ip_user_files/sim_scripts -ip_user_files_dir /home/zaid/MTP/myrepo/GPS_Ver/Acq_Track_VCU108/Acq_Track_VCU108.ip_user_files -ipstatic_source_dir /home/zaid/MTP/myrepo/GPS_Ver/Acq_Track_VCU108/Acq_Track_VCU108.ip_user_files/ipstatic -force -quiet
export_simulation -of_objects [get_files /home/zaid/MTP/myrepo/GPS_Ver/Acq_Track_VCU108/Acq_Track_VCU108.srcs/sources_1/ip/blk_mem_I1/blk_mem_I1.xci] -directory /home/zaid/MTP/myrepo/GPS_Ver/Acq_Track_VCU108/Acq_Track_VCU108.ip_user_files/sim_scripts -ip_user_files_dir /home/zaid/MTP/myrepo/GPS_Ver/Acq_Track_VCU108/Acq_Track_VCU108.ip_user_files -ipstatic_source_dir /home/zaid/MTP/myrepo/GPS_Ver/Acq_Track_VCU108/Acq_Track_VCU108.ip_user_files/ipstatic -force -quiet
export_simulation -of_objects [get_files /home/zaid/MTP/myrepo/GPS_Ver/Acq_Track_VCU108/Acq_Track_VCU108.srcs/sources_1/ip/blk_mem_Q/blk_mem_Q.xci] -directory /home/zaid/MTP/myrepo/GPS_Ver/Acq_Track_VCU108/Acq_Track_VCU108.ip_user_files/sim_scripts -ip_user_files_dir /home/zaid/MTP/myrepo/GPS_Ver/Acq_Track_VCU108/Acq_Track_VCU108.ip_user_files -ipstatic_source_dir /home/zaid/MTP/myrepo/GPS_Ver/Acq_Track_VCU108/Acq_Track_VCU108.ip_user_files/ipstatic -force -quiet
export_simulation -of_objects [get_files /home/zaid/MTP/myrepo/GPS_Ver/Acq_Track_VCU108/Acq_Track_VCU108.srcs/sources_1/ip/blk_mem_Q1/blk_mem_Q1.xci] -directory /home/zaid/MTP/myrepo/GPS_Ver/Acq_Track_VCU108/Acq_Track_VCU108.ip_user_files/sim_scripts -ip_user_files_dir /home/zaid/MTP/myrepo/GPS_Ver/Acq_Track_VCU108/Acq_Track_VCU108.ip_user_files -ipstatic_source_dir /home/zaid/MTP/myrepo/GPS_Ver/Acq_Track_VCU108/Acq_Track_VCU108.ip_user_files/ipstatic -force -quiet
export_simulation -of_objects [get_files /home/zaid/MTP/myrepo/GPS_Ver/Acq_Track_VCU108/Acq_Track_VCU108.srcs/sources_1/ip/clk_wiz_0/clk_wiz_0.xci] -directory /home/zaid/MTP/myrepo/GPS_Ver/Acq_Track_VCU108/Acq_Track_VCU108.ip_user_files/sim_scripts -ip_user_files_dir /home/zaid/MTP/myrepo/GPS_Ver/Acq_Track_VCU108/Acq_Track_VCU108.ip_user_files -ipstatic_source_dir /home/zaid/MTP/myrepo/GPS_Ver/Acq_Track_VCU108/Acq_Track_VCU108.ip_user_files/ipstatic -force -quiet
export_simulation -of_objects [get_files /home/zaid/MTP/myrepo/GPS_Ver/Acq_Track_VCU108/Acq_Track_VCU108.srcs/sources_1/ip/ila_0_1/ila_0.xci] -directory /home/zaid/MTP/myrepo/GPS_Ver/Acq_Track_VCU108/Acq_Track_VCU108.ip_user_files/sim_scripts -ip_user_files_dir /home/zaid/MTP/myrepo/GPS_Ver/Acq_Track_VCU108/Acq_Track_VCU108.ip_user_files -ipstatic_source_dir /home/zaid/MTP/myrepo/GPS_Ver/Acq_Track_VCU108/Acq_Track_VCU108.ip_user_files/ipstatic -force -quiet
export_simulation -of_objects [get_files /home/zaid/MTP/myrepo/GPS_Ver/Acq_Track_VCU108/Acq_Track_VCU108.srcs/sources_1/ip/ila_1_1/ila_1.xci] -directory /home/zaid/MTP/myrepo/GPS_Ver/Acq_Track_VCU108/Acq_Track_VCU108.ip_user_files/sim_scripts -ip_user_files_dir /home/zaid/MTP/myrepo/GPS_Ver/Acq_Track_VCU108/Acq_Track_VCU108.ip_user_files -ipstatic_source_dir /home/zaid/MTP/myrepo/GPS_Ver/Acq_Track_VCU108/Acq_Track_VCU108.ip_user_files/ipstatic -force -quiet
export_simulation -of_objects [get_files /home/zaid/MTP/myrepo/GPS_Ver/Acq_Track_VCU108/Acq_Track_VCU108.srcs/sources_1/ip/ila_2/ila_2.xci] -directory /home/zaid/MTP/myrepo/GPS_Ver/Acq_Track_VCU108/Acq_Track_VCU108.ip_user_files/sim_scripts -ip_user_files_dir /home/zaid/MTP/myrepo/GPS_Ver/Acq_Track_VCU108/Acq_Track_VCU108.ip_user_files -ipstatic_source_dir /home/zaid/MTP/myrepo/GPS_Ver/Acq_Track_VCU108/Acq_Track_VCU108.ip_user_files/ipstatic -force -quiet
export_simulation -of_objects [get_files /home/zaid/MTP/myrepo/GPS_Ver/Acq_Track_VCU108/Acq_Track_VCU108.srcs/sources_1/ip/ila_3/ila_3.xci] -directory /home/zaid/MTP/myrepo/GPS_Ver/Acq_Track_VCU108/Acq_Track_VCU108.ip_user_files/sim_scripts -ip_user_files_dir /home/zaid/MTP/myrepo/GPS_Ver/Acq_Track_VCU108/Acq_Track_VCU108.ip_user_files -ipstatic_source_dir /home/zaid/MTP/myrepo/GPS_Ver/Acq_Track_VCU108/Acq_Track_VCU108.ip_user_files/ipstatic -force -quiet
launch_runs synth_1 -jobs 2
[Thu Mar 16 17:11:13 2017] Launched synth_1...
Run output will be captured here: /home/zaid/MTP/myrepo/GPS_Ver/Acq_Track_VCU108/Acq_Track_VCU108.runs/synth_1/runme.log
INFO: [xilinx.com:ip:clk_wiz:5.3-1] clk_wiz_0: divN_0 10 phase_0 0.000 dutyCycle_0 0.500 
INFO: [xilinx.com:ip:clk_wiz:5.3-9] clk_wiz_0: value_5 0x00c0
INFO: [xilinx.com:ip:clk_wiz:5.3-111] clk_wiz_0: value_0 1145 0000 0000
INFO: [xilinx.com:ip:clk_wiz:5.3-222] clk_wiz_0: value_0 0x0000
INFO: [xilinx.com:ip:clk_wiz:5.3-333] clk_wiz_0: value 00c0
set_property -dict [list CONFIG.CLK_IN1_BOARD_INTERFACE {sys_diff_clock} CONFIG.CLK_IN1_BOARD_INTERFACE {sys_diff_clock} CONFIG.PRIM_SOURCE {Differential_clock_capable_pin} CONFIG.PRIM_IN_FREQ {200.000} CONFIG.CLKIN1_JITTER_PS {50.0} CONFIG.MMCM_DIVCLK_DIVIDE {1} CONFIG.MMCM_CLKFBOUT_MULT_F {5.000} CONFIG.MMCM_CLKIN1_PERIOD {5.0} CONFIG.CLKOUT1_JITTER {112.316} CONFIG.CLKOUT1_PHASE_ERROR {89.971}] [get_ips clk_wiz_0]
INFO: [xilinx.com:ip:clk_wiz:5.3-1] clk_wiz_0: divN_0 10 phase_0 0.000 dutyCycle_0 0.500 
INFO: [xilinx.com:ip:clk_wiz:5.3-9] clk_wiz_0: value_5 0x00c0
INFO: [xilinx.com:ip:clk_wiz:5.3-111] clk_wiz_0: value_0 1145 0000 0000
INFO: [xilinx.com:ip:clk_wiz:5.3-222] clk_wiz_0: value_0 0x0000
INFO: [xilinx.com:ip:clk_wiz:5.3-333] clk_wiz_0: value 00c0
generate_target all [get_files  /home/zaid/MTP/myrepo/GPS_Ver/Acq_Track_VCU108/Acq_Track_VCU108.srcs/sources_1/ip/clk_wiz_0/clk_wiz_0.xci]
INFO: [IP_Flow 19-1686] Generating 'Instantiation Template' target for IP 'clk_wiz_0'...
INFO: [IP_Flow 19-1686] Generating 'Synthesis' target for IP 'clk_wiz_0'...
INFO: [IP_Flow 19-1686] Generating 'Simulation' target for IP 'clk_wiz_0'...
INFO: [IP_Flow 19-1686] Generating 'Implementation' target for IP 'clk_wiz_0'...
INFO: [IP_Flow 19-1686] Generating 'Change Log' target for IP 'clk_wiz_0'...
export_ip_user_files -of_objects [get_files /home/zaid/MTP/myrepo/GPS_Ver/Acq_Track_VCU108/Acq_Track_VCU108.srcs/sources_1/ip/clk_wiz_0/clk_wiz_0.xci] -no_script -force -quiet
reset_run clk_wiz_0_synth_1
launch_run -jobs 2 clk_wiz_0_synth_1
[Thu Mar 16 17:14:35 2017] Launched clk_wiz_0_synth_1...
Run output will be captured here: /home/zaid/MTP/myrepo/GPS_Ver/Acq_Track_VCU108/Acq_Track_VCU108.runs/clk_wiz_0_synth_1/runme.log
export_simulation -of_objects [get_files /home/zaid/MTP/myrepo/GPS_Ver/Acq_Track_VCU108/Acq_Track_VCU108.srcs/sources_1/ip/clk_wiz_0/clk_wiz_0.xci] -directory /home/zaid/MTP/myrepo/GPS_Ver/Acq_Track_VCU108/Acq_Track_VCU108.ip_user_files/sim_scripts -ip_user_files_dir /home/zaid/MTP/myrepo/GPS_Ver/Acq_Track_VCU108/Acq_Track_VCU108.ip_user_files -ipstatic_source_dir /home/zaid/MTP/myrepo/GPS_Ver/Acq_Track_VCU108/Acq_Track_VCU108.ip_user_files/ipstatic -force -quiet
reset_run synth_1
launch_runs synth_1 -jobs 2
[Thu Mar 16 17:19:58 2017] Launched synth_1...
Run output will be captured here: /home/zaid/MTP/myrepo/GPS_Ver/Acq_Track_VCU108/Acq_Track_VCU108.runs/synth_1/runme.log
exit
INFO: [Common 17-206] Exiting Vivado at Thu Mar 16 22:13:07 2017...
